D:\DEV\VS2012\GLUT-3.7.6\LIB\GLSMAP\RELEASE64\SMAP_TEXDIM.OBJ
D:\DEV\VS2012\GLUT-3.7.6\LIB\GLSMAP\RELEASE64\SMAP_SETVEC.OBJ
D:\DEV\VS2012\GLUT-3.7.6\LIB\GLSMAP\RELEASE64\SMAP_SETFUNC.OBJ
D:\DEV\VS2012\GLUT-3.7.6\LIB\GLSMAP\RELEASE64\SMAP_SET.OBJ
D:\DEV\VS2012\GLUT-3.7.6\LIB\GLSMAP\RELEASE64\SMAP_RVEC2ST.OBJ
D:\DEV\VS2012\GLUT-3.7.6\LIB\GLSMAP\RELEASE64\SMAP_RENDER.OBJ
D:\DEV\VS2012\GLUT-3.7.6\LIB\GLSMAP\RELEASE64\SMAP_ORIGIN.OBJ
D:\DEV\VS2012\GLUT-3.7.6\LIB\GLSMAP\RELEASE64\SMAP_NEARFAR.OBJ
D:\DEV\VS2012\GLUT-3.7.6\LIB\GLSMAP\RELEASE64\SMAP_MAKEMESH.OBJ
D:\DEV\VS2012\GLUT-3.7.6\LIB\GLSMAP\RELEASE64\SMAP_GETVEC.OBJ
D:\DEV\VS2012\GLUT-3.7.6\LIB\GLSMAP\RELEASE64\SMAP_GETTEXOBJ.OBJ
D:\DEV\VS2012\GLUT-3.7.6\LIB\GLSMAP\RELEASE64\SMAP_GETTEXDIM.OBJ
D:\DEV\VS2012\GLUT-3.7.6\LIB\GLSMAP\RELEASE64\SMAP_GETFUNC.OBJ
D:\DEV\VS2012\GLUT-3.7.6\LIB\GLSMAP\RELEASE64\SMAP_GET.OBJ
D:\DEV\VS2012\GLUT-3.7.6\LIB\GLSMAP\RELEASE64\SMAP_FLAG.OBJ
D:\DEV\VS2012\GLUT-3.7.6\LIB\GLSMAP\RELEASE64\SMAP_DRAWMESH.OBJ
D:\DEV\VS2012\GLUT-3.7.6\LIB\GLSMAP\RELEASE64\SMAP_DESTROY.OBJ
D:\DEV\VS2012\GLUT-3.7.6\LIB\GLSMAP\RELEASE64\SMAP_CREATE.OBJ
D:\DEV\VS2012\GLUT-3.7.6\LIB\GLSMAP\RELEASE64\SMAP_CONTEXT.OBJ
D:\DEV\VS2012\GLUT-3.7.6\LIB\GLSMAP\RELEASE64\SMAP_BUILDSMAP.OBJ
D:\DEV\VS2012\GLUT-3.7.6\LIB\GLSMAP\RELEASE64\SMAP_TEXOBJ.OBJ
D:\DEV\VS2012\GLUT-3.7.6\LIB\GLSMAP\RELEASE64\VC110.PDB
D:\DEV\VS2012\GLUT-3.7.6\BIN\GLSMAP64.LIB
D:\Dev\VS2012\glut-3.7.6\lib\glsmap\Release64\smap_buildsmap.obj
D:\Dev\VS2012\glut-3.7.6\lib\glsmap\Release64\smap_context.obj
D:\Dev\VS2012\glut-3.7.6\lib\glsmap\Release64\smap_create.obj
D:\Dev\VS2012\glut-3.7.6\lib\glsmap\Release64\smap_destroy.obj
D:\Dev\VS2012\glut-3.7.6\lib\glsmap\Release64\smap_drawmesh.obj
D:\Dev\VS2012\glut-3.7.6\lib\glsmap\Release64\smap_flag.obj
D:\Dev\VS2012\glut-3.7.6\lib\glsmap\Release64\smap_get.obj
D:\Dev\VS2012\glut-3.7.6\lib\glsmap\Release64\smap_getfunc.obj
D:\Dev\VS2012\glut-3.7.6\lib\glsmap\Release64\smap_gettexdim.obj
D:\Dev\VS2012\glut-3.7.6\lib\glsmap\Release64\smap_gettexobj.obj
D:\Dev\VS2012\glut-3.7.6\lib\glsmap\Release64\smap_getvec.obj
D:\Dev\VS2012\glut-3.7.6\lib\glsmap\Release64\smap_makemesh.obj
D:\Dev\VS2012\glut-3.7.6\lib\glsmap\Release64\smap_nearfar.obj
D:\Dev\VS2012\glut-3.7.6\lib\glsmap\Release64\smap_origin.obj
D:\Dev\VS2012\glut-3.7.6\lib\glsmap\Release64\smap_render.obj
D:\Dev\VS2012\glut-3.7.6\lib\glsmap\Release64\smap_rvec2st.obj
D:\Dev\VS2012\glut-3.7.6\lib\glsmap\Release64\smap_set.obj
D:\Dev\VS2012\glut-3.7.6\lib\glsmap\Release64\smap_setfunc.obj
D:\Dev\VS2012\glut-3.7.6\lib\glsmap\Release64\smap_setvec.obj
D:\Dev\VS2012\glut-3.7.6\lib\glsmap\Release64\smap_texdim.obj
D:\Dev\VS2012\glut-3.7.6\lib\glsmap\Release64\smap_texobj.obj
D:\Dev\VS2012\glut-3.7.6\lib\glsmap\Release64\cl.command.1.tlog
D:\Dev\VS2012\glut-3.7.6\lib\glsmap\Release64\CL.read.1.tlog
D:\Dev\VS2012\glut-3.7.6\lib\glsmap\Release64\CL.write.1.tlog
D:\Dev\VS2012\glut-3.7.6\lib\glsmap\Release64\Lib-link.read.1.tlog
D:\Dev\VS2012\glut-3.7.6\lib\glsmap\Release64\Lib-link.write.1.tlog
D:\Dev\VS2012\glut-3.7.6\lib\glsmap\Release64\lib.command.1.tlog
D:\Dev\VS2012\glut-3.7.6\lib\glsmap\..\..\bin\glsmap64.lib
