D:\DEV\VS2012\GLUT-3.7.6\LIB\MUI\RELEASE\BUTTON.OBJ
D:\DEV\VS2012\GLUT-3.7.6\LIB\MUI\RELEASE\BROWSEPARSE.OBJ
D:\DEV\VS2012\GLUT-3.7.6\LIB\MUI\RELEASE\VSLIDER.OBJ
D:\DEV\VS2012\GLUT-3.7.6\LIB\MUI\RELEASE\GLUTMUI.OBJ
D:\DEV\VS2012\GLUT-3.7.6\LIB\MUI\RELEASE\MISCUI.OBJ
D:\DEV\VS2012\GLUT-3.7.6\LIB\MUI\RELEASE\HSLIDER.OBJ
D:\DEV\VS2012\GLUT-3.7.6\LIB\MUI\RELEASE\UICOLOR.OBJ
D:\DEV\VS2012\GLUT-3.7.6\LIB\MUI\RELEASE\DISPLAYLIST.OBJ
D:\DEV\VS2012\GLUT-3.7.6\LIB\MUI\RELEASE\PULLDOWN.OBJ
D:\DEV\VS2012\GLUT-3.7.6\LIB\MUI\RELEASE\GIZMO.OBJ
D:\DEV\VS2012\GLUT-3.7.6\LIB\MUI\RELEASE\TEXTLIST.OBJ
D:\DEV\VS2012\GLUT-3.7.6\LIB\MUI\RELEASE\MUI.OBJ
D:\DEV\VS2012\GLUT-3.7.6\LIB\MUI\RELEASE64\VC110.PDB
D:\DEV\VS2012\GLUT-3.7.6\BIN\MUI64.LIB
D:\Dev\VS2012\glut-3.7.6\lib\mui\Release64\CL.10036.read.1.tlog
D:\Dev\VS2012\glut-3.7.6\lib\mui\Release64\CL.10036.write.1.tlog
D:\Dev\VS2012\glut-3.7.6\lib\mui\Release64\CL.10100.read.1.tlog
D:\Dev\VS2012\glut-3.7.6\lib\mui\Release64\CL.10100.write.1.tlog
D:\Dev\VS2012\glut-3.7.6\lib\mui\Release64\CL.10116.read.1.tlog
D:\Dev\VS2012\glut-3.7.6\lib\mui\Release64\CL.10116.write.1.tlog
D:\Dev\VS2012\glut-3.7.6\lib\mui\Release64\CL.10128.read.1.tlog
D:\Dev\VS2012\glut-3.7.6\lib\mui\Release64\CL.10128.write.1.tlog
D:\Dev\VS2012\glut-3.7.6\lib\mui\Release64\CL.10136.read.1.tlog
D:\Dev\VS2012\glut-3.7.6\lib\mui\Release64\CL.10136.write.1.tlog
D:\Dev\VS2012\glut-3.7.6\lib\mui\Release64\CL.10148.read.1.tlog
D:\Dev\VS2012\glut-3.7.6\lib\mui\Release64\CL.10148.write.1.tlog
D:\Dev\VS2012\glut-3.7.6\lib\mui\Release64\CL.10168.read.1.tlog
D:\Dev\VS2012\glut-3.7.6\lib\mui\Release64\CL.10168.write.1.tlog
D:\Dev\VS2012\glut-3.7.6\lib\mui\Release64\CL.10192.read.1.tlog
D:\Dev\VS2012\glut-3.7.6\lib\mui\Release64\CL.10192.write.1.tlog
D:\Dev\VS2012\glut-3.7.6\lib\mui\Release64\CL.10196.read.1.tlog
D:\Dev\VS2012\glut-3.7.6\lib\mui\Release64\CL.10196.write.1.tlog
D:\Dev\VS2012\glut-3.7.6\lib\mui\Release64\CL.1116.read.1.tlog
D:\Dev\VS2012\glut-3.7.6\lib\mui\Release64\CL.1116.write.1.tlog
D:\Dev\VS2012\glut-3.7.6\lib\mui\Release64\CL.1956.read.1.tlog
D:\Dev\VS2012\glut-3.7.6\lib\mui\Release64\CL.1956.write.1.tlog
D:\Dev\VS2012\glut-3.7.6\lib\mui\Release64\CL.2216.read.1.tlog
D:\Dev\VS2012\glut-3.7.6\lib\mui\Release64\CL.2216.write.1.tlog
D:\Dev\VS2012\glut-3.7.6\lib\mui\Release64\CL.2348.read.1.tlog
D:\Dev\VS2012\glut-3.7.6\lib\mui\Release64\CL.2348.write.1.tlog
D:\Dev\VS2012\glut-3.7.6\lib\mui\Release64\CL.2664.read.1.tlog
D:\Dev\VS2012\glut-3.7.6\lib\mui\Release64\CL.2664.write.1.tlog
D:\Dev\VS2012\glut-3.7.6\lib\mui\Release64\CL.2944.read.1.tlog
D:\Dev\VS2012\glut-3.7.6\lib\mui\Release64\CL.2944.write.1.tlog
D:\Dev\VS2012\glut-3.7.6\lib\mui\Release64\CL.3180.read.1.tlog
D:\Dev\VS2012\glut-3.7.6\lib\mui\Release64\CL.3180.write.1.tlog
D:\Dev\VS2012\glut-3.7.6\lib\mui\Release64\CL.3552.read.1.tlog
D:\Dev\VS2012\glut-3.7.6\lib\mui\Release64\CL.3552.write.1.tlog
D:\Dev\VS2012\glut-3.7.6\lib\mui\Release64\CL.3696.read.1.tlog
D:\Dev\VS2012\glut-3.7.6\lib\mui\Release64\CL.3696.write.1.tlog
D:\Dev\VS2012\glut-3.7.6\lib\mui\Release64\CL.3980.read.1.tlog
D:\Dev\VS2012\glut-3.7.6\lib\mui\Release64\CL.3980.write.1.tlog
D:\Dev\VS2012\glut-3.7.6\lib\mui\Release64\CL.4252.read.1.tlog
D:\Dev\VS2012\glut-3.7.6\lib\mui\Release64\CL.4252.write.1.tlog
D:\Dev\VS2012\glut-3.7.6\lib\mui\Release64\CL.4296.read.1.tlog
D:\Dev\VS2012\glut-3.7.6\lib\mui\Release64\CL.4296.write.1.tlog
D:\Dev\VS2012\glut-3.7.6\lib\mui\Release64\CL.4360.read.1.tlog
D:\Dev\VS2012\glut-3.7.6\lib\mui\Release64\CL.4360.write.1.tlog
D:\Dev\VS2012\glut-3.7.6\lib\mui\Release64\CL.4376.read.1.tlog
D:\Dev\VS2012\glut-3.7.6\lib\mui\Release64\CL.4376.write.1.tlog
D:\Dev\VS2012\glut-3.7.6\lib\mui\Release64\CL.4420.read.1.tlog
D:\Dev\VS2012\glut-3.7.6\lib\mui\Release64\CL.4420.write.1.tlog
D:\Dev\VS2012\glut-3.7.6\lib\mui\Release64\CL.4492.read.1.tlog
D:\Dev\VS2012\glut-3.7.6\lib\mui\Release64\CL.4492.write.1.tlog
D:\Dev\VS2012\glut-3.7.6\lib\mui\Release64\CL.4832.read.1.tlog
D:\Dev\VS2012\glut-3.7.6\lib\mui\Release64\CL.4832.write.1.tlog
D:\Dev\VS2012\glut-3.7.6\lib\mui\Release64\CL.4972.read.1.tlog
D:\Dev\VS2012\glut-3.7.6\lib\mui\Release64\CL.4972.write.1.tlog
D:\Dev\VS2012\glut-3.7.6\lib\mui\Release64\CL.5092.read.1.tlog
D:\Dev\VS2012\glut-3.7.6\lib\mui\Release64\CL.5092.write.1.tlog
D:\Dev\VS2012\glut-3.7.6\lib\mui\Release64\CL.5128.read.1.tlog
D:\Dev\VS2012\glut-3.7.6\lib\mui\Release64\CL.5128.write.1.tlog
D:\Dev\VS2012\glut-3.7.6\lib\mui\Release64\CL.5144.read.1.tlog
D:\Dev\VS2012\glut-3.7.6\lib\mui\Release64\CL.5144.write.1.tlog
D:\Dev\VS2012\glut-3.7.6\lib\mui\Release64\CL.5236.read.1.tlog
D:\Dev\VS2012\glut-3.7.6\lib\mui\Release64\CL.5236.write.1.tlog
D:\Dev\VS2012\glut-3.7.6\lib\mui\Release64\CL.5276.read.1.tlog
D:\Dev\VS2012\glut-3.7.6\lib\mui\Release64\CL.5276.write.1.tlog
D:\Dev\VS2012\glut-3.7.6\lib\mui\Release64\CL.5284.read.1.tlog
D:\Dev\VS2012\glut-3.7.6\lib\mui\Release64\CL.5284.write.1.tlog
D:\Dev\VS2012\glut-3.7.6\lib\mui\Release64\CL.5464.read.1.tlog
D:\Dev\VS2012\glut-3.7.6\lib\mui\Release64\CL.5464.write.1.tlog
D:\Dev\VS2012\glut-3.7.6\lib\mui\Release64\CL.5532.read.1.tlog
D:\Dev\VS2012\glut-3.7.6\lib\mui\Release64\CL.5532.write.1.tlog
D:\Dev\VS2012\glut-3.7.6\lib\mui\Release64\CL.5560.read.1.tlog
D:\Dev\VS2012\glut-3.7.6\lib\mui\Release64\CL.5560.write.1.tlog
D:\Dev\VS2012\glut-3.7.6\lib\mui\Release64\CL.5588.read.1.tlog
D:\Dev\VS2012\glut-3.7.6\lib\mui\Release64\CL.5588.write.1.tlog
D:\Dev\VS2012\glut-3.7.6\lib\mui\Release64\CL.5596.read.1.tlog
D:\Dev\VS2012\glut-3.7.6\lib\mui\Release64\CL.5596.write.1.tlog
D:\Dev\VS2012\glut-3.7.6\lib\mui\Release64\CL.5736.read.1.tlog
D:\Dev\VS2012\glut-3.7.6\lib\mui\Release64\CL.5736.write.1.tlog
D:\Dev\VS2012\glut-3.7.6\lib\mui\Release64\CL.5860.read.1.tlog
D:\Dev\VS2012\glut-3.7.6\lib\mui\Release64\CL.5860.write.1.tlog
D:\Dev\VS2012\glut-3.7.6\lib\mui\Release64\CL.5904.read.1.tlog
D:\Dev\VS2012\glut-3.7.6\lib\mui\Release64\CL.5904.write.1.tlog
D:\Dev\VS2012\glut-3.7.6\lib\mui\Release64\CL.6024.read.1.tlog
D:\Dev\VS2012\glut-3.7.6\lib\mui\Release64\CL.6024.write.1.tlog
D:\Dev\VS2012\glut-3.7.6\lib\mui\Release64\CL.6156.read.1.tlog
D:\Dev\VS2012\glut-3.7.6\lib\mui\Release64\CL.6156.write.1.tlog
D:\Dev\VS2012\glut-3.7.6\lib\mui\Release64\CL.6228.read.1.tlog
D:\Dev\VS2012\glut-3.7.6\lib\mui\Release64\CL.6228.write.1.tlog
D:\Dev\VS2012\glut-3.7.6\lib\mui\Release64\CL.6340.read.1.tlog
D:\Dev\VS2012\glut-3.7.6\lib\mui\Release64\CL.6340.write.1.tlog
D:\Dev\VS2012\glut-3.7.6\lib\mui\Release64\CL.6376.read.1.tlog
D:\Dev\VS2012\glut-3.7.6\lib\mui\Release64\CL.6376.write.1.tlog
D:\Dev\VS2012\glut-3.7.6\lib\mui\Release64\CL.6416.read.1.tlog
D:\Dev\VS2012\glut-3.7.6\lib\mui\Release64\CL.6416.write.1.tlog
D:\Dev\VS2012\glut-3.7.6\lib\mui\Release64\CL.6420.read.1.tlog
D:\Dev\VS2012\glut-3.7.6\lib\mui\Release64\CL.6420.write.1.tlog
D:\Dev\VS2012\glut-3.7.6\lib\mui\Release64\CL.6476.read.1.tlog
D:\Dev\VS2012\glut-3.7.6\lib\mui\Release64\CL.6476.write.1.tlog
D:\Dev\VS2012\glut-3.7.6\lib\mui\Release64\CL.6600.read.1.tlog
D:\Dev\VS2012\glut-3.7.6\lib\mui\Release64\CL.6600.write.1.tlog
D:\Dev\VS2012\glut-3.7.6\lib\mui\Release64\CL.6732.read.1.tlog
D:\Dev\VS2012\glut-3.7.6\lib\mui\Release64\CL.6732.write.1.tlog
D:\Dev\VS2012\glut-3.7.6\lib\mui\Release64\CL.6744.read.1.tlog
D:\Dev\VS2012\glut-3.7.6\lib\mui\Release64\CL.6744.write.1.tlog
D:\Dev\VS2012\glut-3.7.6\lib\mui\Release64\CL.6800.read.1.tlog
D:\Dev\VS2012\glut-3.7.6\lib\mui\Release64\CL.6800.write.1.tlog
D:\Dev\VS2012\glut-3.7.6\lib\mui\Release64\CL.6832.read.1.tlog
D:\Dev\VS2012\glut-3.7.6\lib\mui\Release64\CL.6832.write.1.tlog
D:\Dev\VS2012\glut-3.7.6\lib\mui\Release64\CL.6992.read.1.tlog
D:\Dev\VS2012\glut-3.7.6\lib\mui\Release64\CL.6992.write.1.tlog
D:\Dev\VS2012\glut-3.7.6\lib\mui\Release64\CL.7056.read.1.tlog
D:\Dev\VS2012\glut-3.7.6\lib\mui\Release64\CL.7056.write.1.tlog
D:\Dev\VS2012\glut-3.7.6\lib\mui\Release64\CL.7128.read.1.tlog
D:\Dev\VS2012\glut-3.7.6\lib\mui\Release64\CL.7128.write.1.tlog
D:\Dev\VS2012\glut-3.7.6\lib\mui\Release64\CL.7176.read.1.tlog
D:\Dev\VS2012\glut-3.7.6\lib\mui\Release64\CL.7176.write.1.tlog
D:\Dev\VS2012\glut-3.7.6\lib\mui\Release64\CL.7500.read.1.tlog
D:\Dev\VS2012\glut-3.7.6\lib\mui\Release64\CL.7500.write.1.tlog
D:\Dev\VS2012\glut-3.7.6\lib\mui\Release64\CL.7576.read.1.tlog
D:\Dev\VS2012\glut-3.7.6\lib\mui\Release64\CL.7576.write.1.tlog
D:\Dev\VS2012\glut-3.7.6\lib\mui\Release64\CL.7692.read.1.tlog
D:\Dev\VS2012\glut-3.7.6\lib\mui\Release64\CL.7692.write.1.tlog
D:\Dev\VS2012\glut-3.7.6\lib\mui\Release64\CL.7756.read.1.tlog
D:\Dev\VS2012\glut-3.7.6\lib\mui\Release64\CL.7756.write.1.tlog
D:\Dev\VS2012\glut-3.7.6\lib\mui\Release64\CL.7776.read.1.tlog
D:\Dev\VS2012\glut-3.7.6\lib\mui\Release64\CL.7776.write.1.tlog
D:\Dev\VS2012\glut-3.7.6\lib\mui\Release64\CL.7832.read.1.tlog
D:\Dev\VS2012\glut-3.7.6\lib\mui\Release64\CL.7832.write.1.tlog
D:\Dev\VS2012\glut-3.7.6\lib\mui\Release64\CL.7872.read.1.tlog
D:\Dev\VS2012\glut-3.7.6\lib\mui\Release64\CL.7872.write.1.tlog
D:\Dev\VS2012\glut-3.7.6\lib\mui\Release64\CL.7876.read.1.tlog
D:\Dev\VS2012\glut-3.7.6\lib\mui\Release64\CL.7876.write.1.tlog
D:\Dev\VS2012\glut-3.7.6\lib\mui\Release64\CL.7888.read.1.tlog
D:\Dev\VS2012\glut-3.7.6\lib\mui\Release64\CL.7888.write.1.tlog
D:\Dev\VS2012\glut-3.7.6\lib\mui\Release64\CL.7920.read.1.tlog
D:\Dev\VS2012\glut-3.7.6\lib\mui\Release64\CL.7920.write.1.tlog
D:\Dev\VS2012\glut-3.7.6\lib\mui\Release64\CL.7924.read.1.tlog
D:\Dev\VS2012\glut-3.7.6\lib\mui\Release64\CL.7924.write.1.tlog
D:\Dev\VS2012\glut-3.7.6\lib\mui\Release64\CL.7928.read.1.tlog
D:\Dev\VS2012\glut-3.7.6\lib\mui\Release64\CL.7928.write.1.tlog
D:\Dev\VS2012\glut-3.7.6\lib\mui\Release64\CL.7960.read.1.tlog
D:\Dev\VS2012\glut-3.7.6\lib\mui\Release64\CL.7960.write.1.tlog
D:\Dev\VS2012\glut-3.7.6\lib\mui\Release64\CL.8028.read.1.tlog
D:\Dev\VS2012\glut-3.7.6\lib\mui\Release64\CL.8028.write.1.tlog
D:\Dev\VS2012\glut-3.7.6\lib\mui\Release64\CL.8040.read.1.tlog
D:\Dev\VS2012\glut-3.7.6\lib\mui\Release64\CL.8040.write.1.tlog
D:\Dev\VS2012\glut-3.7.6\lib\mui\Release64\CL.8056.read.1.tlog
D:\Dev\VS2012\glut-3.7.6\lib\mui\Release64\CL.8056.write.1.tlog
D:\Dev\VS2012\glut-3.7.6\lib\mui\Release64\CL.8080.read.1.tlog
D:\Dev\VS2012\glut-3.7.6\lib\mui\Release64\CL.8080.write.1.tlog
D:\Dev\VS2012\glut-3.7.6\lib\mui\Release64\CL.8144.read.1.tlog
D:\Dev\VS2012\glut-3.7.6\lib\mui\Release64\CL.8144.write.1.tlog
D:\Dev\VS2012\glut-3.7.6\lib\mui\Release64\CL.8172.read.1.tlog
D:\Dev\VS2012\glut-3.7.6\lib\mui\Release64\CL.8172.write.1.tlog
D:\Dev\VS2012\glut-3.7.6\lib\mui\Release64\CL.8200.read.1.tlog
D:\Dev\VS2012\glut-3.7.6\lib\mui\Release64\CL.8200.write.1.tlog
D:\Dev\VS2012\glut-3.7.6\lib\mui\Release64\CL.8368.read.1.tlog
D:\Dev\VS2012\glut-3.7.6\lib\mui\Release64\CL.8416.read.1.tlog
D:\Dev\VS2012\glut-3.7.6\lib\mui\Release64\CL.8416.write.1.tlog
D:\Dev\VS2012\glut-3.7.6\lib\mui\Release64\CL.8452.read.1.tlog
D:\Dev\VS2012\glut-3.7.6\lib\mui\Release64\CL.8452.write.1.tlog
D:\Dev\VS2012\glut-3.7.6\lib\mui\Release64\CL.8476.read.1.tlog
D:\Dev\VS2012\glut-3.7.6\lib\mui\Release64\CL.8476.write.1.tlog
D:\Dev\VS2012\glut-3.7.6\lib\mui\Release64\CL.8508.read.1.tlog
D:\Dev\VS2012\glut-3.7.6\lib\mui\Release64\CL.8508.write.1.tlog
D:\Dev\VS2012\glut-3.7.6\lib\mui\Release64\CL.8556.read.1.tlog
D:\Dev\VS2012\glut-3.7.6\lib\mui\Release64\CL.8556.write.1.tlog
D:\Dev\VS2012\glut-3.7.6\lib\mui\Release64\CL.8580.read.1.tlog
D:\Dev\VS2012\glut-3.7.6\lib\mui\Release64\CL.8580.write.1.tlog
D:\Dev\VS2012\glut-3.7.6\lib\mui\Release64\CL.8604.read.1.tlog
D:\Dev\VS2012\glut-3.7.6\lib\mui\Release64\CL.8604.write.1.tlog
D:\Dev\VS2012\glut-3.7.6\lib\mui\Release64\CL.8616.read.1.tlog
D:\Dev\VS2012\glut-3.7.6\lib\mui\Release64\CL.8616.write.1.tlog
D:\Dev\VS2012\glut-3.7.6\lib\mui\Release64\CL.8652.read.1.tlog
D:\Dev\VS2012\glut-3.7.6\lib\mui\Release64\CL.8652.write.1.tlog
D:\Dev\VS2012\glut-3.7.6\lib\mui\Release64\CL.8816.read.1.tlog
D:\Dev\VS2012\glut-3.7.6\lib\mui\Release64\CL.8816.write.1.tlog
D:\Dev\VS2012\glut-3.7.6\lib\mui\Release64\CL.8824.read.1.tlog
D:\Dev\VS2012\glut-3.7.6\lib\mui\Release64\CL.8824.write.1.tlog
D:\Dev\VS2012\glut-3.7.6\lib\mui\Release64\CL.8952.read.1.tlog
D:\Dev\VS2012\glut-3.7.6\lib\mui\Release64\CL.8952.write.1.tlog
D:\Dev\VS2012\glut-3.7.6\lib\mui\Release64\CL.8960.read.1.tlog
D:\Dev\VS2012\glut-3.7.6\lib\mui\Release64\CL.8960.write.1.tlog
D:\Dev\VS2012\glut-3.7.6\lib\mui\Release64\CL.9144.read.1.tlog
D:\Dev\VS2012\glut-3.7.6\lib\mui\Release64\CL.9144.write.1.tlog
D:\Dev\VS2012\glut-3.7.6\lib\mui\Release64\CL.9164.read.1.tlog
D:\Dev\VS2012\glut-3.7.6\lib\mui\Release64\CL.9164.write.1.tlog
D:\Dev\VS2012\glut-3.7.6\lib\mui\Release64\CL.9232.read.1.tlog
D:\Dev\VS2012\glut-3.7.6\lib\mui\Release64\CL.9232.write.1.tlog
D:\Dev\VS2012\glut-3.7.6\lib\mui\Release64\CL.9244.read.1.tlog
D:\Dev\VS2012\glut-3.7.6\lib\mui\Release64\CL.9244.write.1.tlog
D:\Dev\VS2012\glut-3.7.6\lib\mui\Release64\CL.9252.read.1.tlog
D:\Dev\VS2012\glut-3.7.6\lib\mui\Release64\CL.9252.write.1.tlog
D:\Dev\VS2012\glut-3.7.6\lib\mui\Release64\CL.9268.read.1.tlog
D:\Dev\VS2012\glut-3.7.6\lib\mui\Release64\CL.9268.write.1.tlog
D:\Dev\VS2012\glut-3.7.6\lib\mui\Release64\CL.9288.read.1.tlog
D:\Dev\VS2012\glut-3.7.6\lib\mui\Release64\CL.9288.write.1.tlog
D:\Dev\VS2012\glut-3.7.6\lib\mui\Release64\CL.9372.read.1.tlog
D:\Dev\VS2012\glut-3.7.6\lib\mui\Release64\CL.9372.write.1.tlog
D:\Dev\VS2012\glut-3.7.6\lib\mui\Release64\CL.9416.read.1.tlog
D:\Dev\VS2012\glut-3.7.6\lib\mui\Release64\CL.9416.write.1.tlog
D:\Dev\VS2012\glut-3.7.6\lib\mui\Release64\CL.9420.read.1.tlog
D:\Dev\VS2012\glut-3.7.6\lib\mui\Release64\CL.9420.write.1.tlog
D:\Dev\VS2012\glut-3.7.6\lib\mui\Release64\CL.9484.read.1.tlog
D:\Dev\VS2012\glut-3.7.6\lib\mui\Release64\CL.9484.write.1.tlog
D:\Dev\VS2012\glut-3.7.6\lib\mui\Release64\CL.9488.read.1.tlog
D:\Dev\VS2012\glut-3.7.6\lib\mui\Release64\CL.9488.write.1.tlog
D:\Dev\VS2012\glut-3.7.6\lib\mui\Release64\CL.9524.read.1.tlog
D:\Dev\VS2012\glut-3.7.6\lib\mui\Release64\CL.9524.write.1.tlog
D:\Dev\VS2012\glut-3.7.6\lib\mui\Release64\CL.9616.read.1.tlog
D:\Dev\VS2012\glut-3.7.6\lib\mui\Release64\CL.9616.write.1.tlog
D:\Dev\VS2012\glut-3.7.6\lib\mui\Release64\CL.9640.read.1.tlog
D:\Dev\VS2012\glut-3.7.6\lib\mui\Release64\CL.9640.write.1.tlog
D:\Dev\VS2012\glut-3.7.6\lib\mui\Release64\CL.9648.read.1.tlog
D:\Dev\VS2012\glut-3.7.6\lib\mui\Release64\CL.9648.write.1.tlog
D:\Dev\VS2012\glut-3.7.6\lib\mui\Release64\CL.9680.read.1.tlog
D:\Dev\VS2012\glut-3.7.6\lib\mui\Release64\CL.9680.write.1.tlog
D:\Dev\VS2012\glut-3.7.6\lib\mui\Release64\CL.9896.read.1.tlog
D:\Dev\VS2012\glut-3.7.6\lib\mui\Release64\CL.9896.write.1.tlog
D:\Dev\VS2012\glut-3.7.6\lib\mui\Release64\CL.9936.read.1.tlog
D:\Dev\VS2012\glut-3.7.6\lib\mui\Release64\CL.9936.write.1.tlog
D:\Dev\VS2012\glut-3.7.6\lib\mui\Release64\CL.9944.read.1.tlog
D:\Dev\VS2012\glut-3.7.6\lib\mui\Release64\CL.9944.write.1.tlog
D:\Dev\VS2012\glut-3.7.6\lib\mui\Release64\cl.command.1.tlog
D:\Dev\VS2012\glut-3.7.6\lib\mui\Release64\CL.read.1.tlog
D:\Dev\VS2012\glut-3.7.6\lib\mui\Release64\cl.write.1.tlog
D:\Dev\VS2012\glut-3.7.6\lib\mui\Release64\Lib-link.read.1.tlog
D:\Dev\VS2012\glut-3.7.6\lib\mui\Release64\Lib-link.write.1.tlog
D:\Dev\VS2012\glut-3.7.6\lib\mui\Release64\lib.command.1.tlog
D:\Dev\VS2012\glut-3.7.6\lib\mui\..\..\bin\mui64.lib
