D:\DEV\VS2012\GLUT-3.7.6\LIB\GLE\RELEASE\INTERSECT.OBJ
D:\DEV\VS2012\GLUT-3.7.6\LIB\GLE\RELEASE\TEXGEN.OBJ
D:\DEV\VS2012\GLUT-3.7.6\LIB\GLE\RELEASE\ROUND_CAP.OBJ
D:\DEV\VS2012\GLUT-3.7.6\LIB\GLE\RELEASE\ROTATE.OBJ
D:\DEV\VS2012\GLUT-3.7.6\LIB\GLE\RELEASE\UROTATE.OBJ
D:\DEV\VS2012\GLUT-3.7.6\LIB\GLE\RELEASE\EXTRUDE.OBJ
D:\DEV\VS2012\GLUT-3.7.6\LIB\GLE\RELEASE\VIEW.OBJ
D:\DEV\VS2012\GLUT-3.7.6\LIB\GLE\RELEASE\ROT_PRINCE.OBJ
D:\DEV\VS2012\GLUT-3.7.6\LIB\GLE\RELEASE\SEGMENT.OBJ
D:\DEV\VS2012\GLUT-3.7.6\LIB\GLE\RELEASE\EX_RAW.OBJ
D:\DEV\VS2012\GLUT-3.7.6\LIB\GLE\RELEASE\EX_CUT_ROUND.OBJ
D:\DEV\VS2012\GLUT-3.7.6\LIB\GLE\RELEASE\EX_ANGLE.OBJ
D:\DEV\VS2012\GLUT-3.7.6\LIB\GLE\RELEASE\VC110.PDB
D:\DEV\VS2012\GLUT-3.7.6\BIN\GLE32.LIB
D:\Dev\VS2012\glut-3.7.6\lib\gle\Release\extrude.obj
D:\Dev\VS2012\glut-3.7.6\lib\gle\Release\ex_angle.obj
D:\Dev\VS2012\glut-3.7.6\lib\gle\Release\ex_cut_round.obj
D:\Dev\VS2012\glut-3.7.6\lib\gle\Release\ex_raw.obj
D:\Dev\VS2012\glut-3.7.6\lib\gle\Release\intersect.obj
D:\Dev\VS2012\glut-3.7.6\lib\gle\Release\rotate.obj
D:\Dev\VS2012\glut-3.7.6\lib\gle\Release\rot_prince.obj
D:\Dev\VS2012\glut-3.7.6\lib\gle\Release\round_cap.obj
D:\Dev\VS2012\glut-3.7.6\lib\gle\Release\segment.obj
D:\Dev\VS2012\glut-3.7.6\lib\gle\Release\texgen.obj
D:\Dev\VS2012\glut-3.7.6\lib\gle\Release\urotate.obj
D:\Dev\VS2012\glut-3.7.6\lib\gle\Release\view.obj
D:\Dev\VS2012\glut-3.7.6\lib\gle\Release\CL.10188.read.1.tlog
D:\Dev\VS2012\glut-3.7.6\lib\gle\Release\CL.10188.write.1.tlog
D:\Dev\VS2012\glut-3.7.6\lib\gle\Release\CL.1176.read.1.tlog
D:\Dev\VS2012\glut-3.7.6\lib\gle\Release\CL.1176.write.1.tlog
D:\Dev\VS2012\glut-3.7.6\lib\gle\Release\CL.1796.read.1.tlog
D:\Dev\VS2012\glut-3.7.6\lib\gle\Release\CL.1796.write.1.tlog
D:\Dev\VS2012\glut-3.7.6\lib\gle\Release\CL.1880.read.1.tlog
D:\Dev\VS2012\glut-3.7.6\lib\gle\Release\CL.1880.write.1.tlog
D:\Dev\VS2012\glut-3.7.6\lib\gle\Release\CL.2144.read.1.tlog
D:\Dev\VS2012\glut-3.7.6\lib\gle\Release\CL.2144.write.1.tlog
D:\Dev\VS2012\glut-3.7.6\lib\gle\Release\CL.2632.read.1.tlog
D:\Dev\VS2012\glut-3.7.6\lib\gle\Release\CL.2632.write.1.tlog
D:\Dev\VS2012\glut-3.7.6\lib\gle\Release\CL.3296.read.1.tlog
D:\Dev\VS2012\glut-3.7.6\lib\gle\Release\CL.3296.write.1.tlog
D:\Dev\VS2012\glut-3.7.6\lib\gle\Release\CL.4396.read.1.tlog
D:\Dev\VS2012\glut-3.7.6\lib\gle\Release\CL.4396.write.1.tlog
D:\Dev\VS2012\glut-3.7.6\lib\gle\Release\CL.5280.read.1.tlog
D:\Dev\VS2012\glut-3.7.6\lib\gle\Release\CL.5280.write.1.tlog
D:\Dev\VS2012\glut-3.7.6\lib\gle\Release\CL.5700.read.1.tlog
D:\Dev\VS2012\glut-3.7.6\lib\gle\Release\CL.5700.write.1.tlog
D:\Dev\VS2012\glut-3.7.6\lib\gle\Release\CL.6168.read.1.tlog
D:\Dev\VS2012\glut-3.7.6\lib\gle\Release\CL.6168.write.1.tlog
D:\Dev\VS2012\glut-3.7.6\lib\gle\Release\CL.6216.read.1.tlog
D:\Dev\VS2012\glut-3.7.6\lib\gle\Release\CL.6216.write.1.tlog
D:\Dev\VS2012\glut-3.7.6\lib\gle\Release\CL.6404.read.1.tlog
D:\Dev\VS2012\glut-3.7.6\lib\gle\Release\CL.6404.write.1.tlog
D:\Dev\VS2012\glut-3.7.6\lib\gle\Release\CL.6512.read.1.tlog
D:\Dev\VS2012\glut-3.7.6\lib\gle\Release\CL.6512.write.1.tlog
D:\Dev\VS2012\glut-3.7.6\lib\gle\Release\CL.7012.read.1.tlog
D:\Dev\VS2012\glut-3.7.6\lib\gle\Release\CL.7012.write.1.tlog
D:\Dev\VS2012\glut-3.7.6\lib\gle\Release\CL.7028.read.1.tlog
D:\Dev\VS2012\glut-3.7.6\lib\gle\Release\CL.7028.write.1.tlog
D:\Dev\VS2012\glut-3.7.6\lib\gle\Release\CL.7044.read.1.tlog
D:\Dev\VS2012\glut-3.7.6\lib\gle\Release\CL.7044.write.1.tlog
D:\Dev\VS2012\glut-3.7.6\lib\gle\Release\CL.7424.read.1.tlog
D:\Dev\VS2012\glut-3.7.6\lib\gle\Release\CL.7424.write.1.tlog
D:\Dev\VS2012\glut-3.7.6\lib\gle\Release\CL.8068.read.1.tlog
D:\Dev\VS2012\glut-3.7.6\lib\gle\Release\CL.8068.write.1.tlog
D:\Dev\VS2012\glut-3.7.6\lib\gle\Release\CL.8140.read.1.tlog
D:\Dev\VS2012\glut-3.7.6\lib\gle\Release\CL.8140.write.1.tlog
D:\Dev\VS2012\glut-3.7.6\lib\gle\Release\CL.8340.read.1.tlog
D:\Dev\VS2012\glut-3.7.6\lib\gle\Release\CL.8340.write.1.tlog
D:\Dev\VS2012\glut-3.7.6\lib\gle\Release\CL.8616.read.1.tlog
D:\Dev\VS2012\glut-3.7.6\lib\gle\Release\CL.8616.write.1.tlog
D:\Dev\VS2012\glut-3.7.6\lib\gle\Release\CL.8660.read.1.tlog
D:\Dev\VS2012\glut-3.7.6\lib\gle\Release\CL.8660.write.1.tlog
D:\Dev\VS2012\glut-3.7.6\lib\gle\Release\CL.8972.read.1.tlog
D:\Dev\VS2012\glut-3.7.6\lib\gle\Release\CL.8972.write.1.tlog
D:\Dev\VS2012\glut-3.7.6\lib\gle\Release\CL.9192.read.1.tlog
D:\Dev\VS2012\glut-3.7.6\lib\gle\Release\CL.9192.write.1.tlog
D:\Dev\VS2012\glut-3.7.6\lib\gle\Release\CL.9276.read.1.tlog
D:\Dev\VS2012\glut-3.7.6\lib\gle\Release\CL.9276.write.1.tlog
D:\Dev\VS2012\glut-3.7.6\lib\gle\Release\CL.9348.read.1.tlog
D:\Dev\VS2012\glut-3.7.6\lib\gle\Release\CL.9348.write.1.tlog
D:\Dev\VS2012\glut-3.7.6\lib\gle\Release\CL.9480.read.1.tlog
D:\Dev\VS2012\glut-3.7.6\lib\gle\Release\CL.9480.write.1.tlog
D:\Dev\VS2012\glut-3.7.6\lib\gle\Release\CL.9544.read.1.tlog
D:\Dev\VS2012\glut-3.7.6\lib\gle\Release\CL.9544.write.1.tlog
D:\Dev\VS2012\glut-3.7.6\lib\gle\Release\CL.9576.read.1.tlog
D:\Dev\VS2012\glut-3.7.6\lib\gle\Release\CL.9576.write.1.tlog
D:\Dev\VS2012\glut-3.7.6\lib\gle\Release\CL.9696.read.1.tlog
D:\Dev\VS2012\glut-3.7.6\lib\gle\Release\CL.9696.write.1.tlog
D:\Dev\VS2012\glut-3.7.6\lib\gle\Release\CL.9812.read.1.tlog
D:\Dev\VS2012\glut-3.7.6\lib\gle\Release\CL.9812.write.1.tlog
D:\Dev\VS2012\glut-3.7.6\lib\gle\Release\cl.command.1.tlog
D:\Dev\VS2012\glut-3.7.6\lib\gle\Release\CL.read.1.tlog
D:\Dev\VS2012\glut-3.7.6\lib\gle\Release\cl.write.1.tlog
D:\Dev\VS2012\glut-3.7.6\lib\gle\Release\Lib-link.read.1.tlog
D:\Dev\VS2012\glut-3.7.6\lib\gle\Release\Lib-link.write.1.tlog
D:\Dev\VS2012\glut-3.7.6\lib\gle\Release\lib.command.1.tlog
D:\Dev\VS2012\glut-3.7.6\lib\gle\..\..\bin\gle32.lib
