D:\DEV\VS2012\GLUT-3.7.6\LIB\MUI\RELEASE64\BUTTON.OBJ
D:\DEV\VS2012\GLUT-3.7.6\LIB\MUI\RELEASE64\GIZMO.OBJ
D:\DEV\VS2012\GLUT-3.7.6\LIB\MUI\RELEASE64\VSLIDER.OBJ
D:\DEV\VS2012\GLUT-3.7.6\LIB\MUI\RELEASE64\MUI.OBJ
D:\DEV\VS2012\GLUT-3.7.6\LIB\MUI\RELEASE64\MISCUI.OBJ
D:\DEV\VS2012\GLUT-3.7.6\LIB\MUI\RELEASE64\PULLDOWN.OBJ
D:\DEV\VS2012\GLUT-3.7.6\LIB\MUI\RELEASE64\GLUTMUI.OBJ
D:\DEV\VS2012\GLUT-3.7.6\LIB\MUI\RELEASE64\DISPLAYLIST.OBJ
D:\DEV\VS2012\GLUT-3.7.6\LIB\MUI\RELEASE64\UICOLOR.OBJ
D:\DEV\VS2012\GLUT-3.7.6\LIB\MUI\RELEASE64\BROWSEPARSE.OBJ
D:\DEV\VS2012\GLUT-3.7.6\LIB\MUI\RELEASE64\TEXTLIST.OBJ
D:\DEV\VS2012\GLUT-3.7.6\LIB\MUI\RELEASE64\HSLIDER.OBJ
D:\DEV\VS2012\GLUT-3.7.6\LIB\MUI\RELEASE64\VC110.PDB
D:\DEV\VS2012\GLUT-3.7.6\BIN\MUI32.LIB
D:\Dev\VS2012\glut-3.7.6\lib\mui\Release\browseparse.obj
D:\Dev\VS2012\glut-3.7.6\lib\mui\Release\button.obj
D:\Dev\VS2012\glut-3.7.6\lib\mui\Release\displaylist.obj
D:\Dev\VS2012\glut-3.7.6\lib\mui\Release\gizmo.obj
D:\Dev\VS2012\glut-3.7.6\lib\mui\Release\glutmui.obj
D:\Dev\VS2012\glut-3.7.6\lib\mui\Release\hslider.obj
D:\Dev\VS2012\glut-3.7.6\lib\mui\Release\miscui.obj
D:\Dev\VS2012\glut-3.7.6\lib\mui\Release\mui.obj
D:\Dev\VS2012\glut-3.7.6\lib\mui\Release\pulldown.obj
D:\Dev\VS2012\glut-3.7.6\lib\mui\Release\textlist.obj
D:\Dev\VS2012\glut-3.7.6\lib\mui\Release\uicolor.obj
D:\Dev\VS2012\glut-3.7.6\lib\mui\Release\vslider.obj
D:\Dev\VS2012\glut-3.7.6\lib\mui\Release\CL.10172.read.1.tlog
D:\Dev\VS2012\glut-3.7.6\lib\mui\Release\CL.10172.write.1.tlog
D:\Dev\VS2012\glut-3.7.6\lib\mui\Release\CL.1232.read.1.tlog
D:\Dev\VS2012\glut-3.7.6\lib\mui\Release\CL.1232.write.1.tlog
D:\Dev\VS2012\glut-3.7.6\lib\mui\Release\CL.1940.read.1.tlog
D:\Dev\VS2012\glut-3.7.6\lib\mui\Release\CL.1940.write.1.tlog
D:\Dev\VS2012\glut-3.7.6\lib\mui\Release\CL.2636.read.1.tlog
D:\Dev\VS2012\glut-3.7.6\lib\mui\Release\CL.2636.write.1.tlog
D:\Dev\VS2012\glut-3.7.6\lib\mui\Release\CL.5060.read.1.tlog
D:\Dev\VS2012\glut-3.7.6\lib\mui\Release\CL.5060.write.1.tlog
D:\Dev\VS2012\glut-3.7.6\lib\mui\Release\CL.5676.read.1.tlog
D:\Dev\VS2012\glut-3.7.6\lib\mui\Release\CL.5676.write.1.tlog
D:\Dev\VS2012\glut-3.7.6\lib\mui\Release\CL.6312.read.1.tlog
D:\Dev\VS2012\glut-3.7.6\lib\mui\Release\CL.6312.write.1.tlog
D:\Dev\VS2012\glut-3.7.6\lib\mui\Release\CL.6348.read.1.tlog
D:\Dev\VS2012\glut-3.7.6\lib\mui\Release\CL.6348.write.1.tlog
D:\Dev\VS2012\glut-3.7.6\lib\mui\Release\CL.6932.read.1.tlog
D:\Dev\VS2012\glut-3.7.6\lib\mui\Release\CL.6932.write.1.tlog
D:\Dev\VS2012\glut-3.7.6\lib\mui\Release\CL.6968.read.1.tlog
D:\Dev\VS2012\glut-3.7.6\lib\mui\Release\CL.6968.write.1.tlog
D:\Dev\VS2012\glut-3.7.6\lib\mui\Release\CL.7044.read.1.tlog
D:\Dev\VS2012\glut-3.7.6\lib\mui\Release\CL.7044.write.1.tlog
D:\Dev\VS2012\glut-3.7.6\lib\mui\Release\CL.7076.read.1.tlog
D:\Dev\VS2012\glut-3.7.6\lib\mui\Release\CL.7076.write.1.tlog
D:\Dev\VS2012\glut-3.7.6\lib\mui\Release\CL.7332.read.1.tlog
D:\Dev\VS2012\glut-3.7.6\lib\mui\Release\CL.7332.write.1.tlog
D:\Dev\VS2012\glut-3.7.6\lib\mui\Release\CL.7380.read.1.tlog
D:\Dev\VS2012\glut-3.7.6\lib\mui\Release\CL.7380.write.1.tlog
D:\Dev\VS2012\glut-3.7.6\lib\mui\Release\CL.7420.read.1.tlog
D:\Dev\VS2012\glut-3.7.6\lib\mui\Release\CL.7420.write.1.tlog
D:\Dev\VS2012\glut-3.7.6\lib\mui\Release\CL.7532.read.1.tlog
D:\Dev\VS2012\glut-3.7.6\lib\mui\Release\CL.7532.write.1.tlog
D:\Dev\VS2012\glut-3.7.6\lib\mui\Release\CL.7684.read.1.tlog
D:\Dev\VS2012\glut-3.7.6\lib\mui\Release\CL.7684.write.1.tlog
D:\Dev\VS2012\glut-3.7.6\lib\mui\Release\CL.7920.read.1.tlog
D:\Dev\VS2012\glut-3.7.6\lib\mui\Release\CL.7920.write.1.tlog
D:\Dev\VS2012\glut-3.7.6\lib\mui\Release\CL.7936.read.1.tlog
D:\Dev\VS2012\glut-3.7.6\lib\mui\Release\CL.7936.write.1.tlog
D:\Dev\VS2012\glut-3.7.6\lib\mui\Release\CL.8152.read.1.tlog
D:\Dev\VS2012\glut-3.7.6\lib\mui\Release\CL.8152.write.1.tlog
D:\Dev\VS2012\glut-3.7.6\lib\mui\Release\CL.8180.read.1.tlog
D:\Dev\VS2012\glut-3.7.6\lib\mui\Release\CL.8180.write.1.tlog
D:\Dev\VS2012\glut-3.7.6\lib\mui\Release\CL.8196.read.1.tlog
D:\Dev\VS2012\glut-3.7.6\lib\mui\Release\CL.8196.write.1.tlog
D:\Dev\VS2012\glut-3.7.6\lib\mui\Release\CL.8396.read.1.tlog
D:\Dev\VS2012\glut-3.7.6\lib\mui\Release\CL.8396.write.1.tlog
D:\Dev\VS2012\glut-3.7.6\lib\mui\Release\CL.8580.read.1.tlog
D:\Dev\VS2012\glut-3.7.6\lib\mui\Release\CL.8580.write.1.tlog
D:\Dev\VS2012\glut-3.7.6\lib\mui\Release\CL.8844.read.1.tlog
D:\Dev\VS2012\glut-3.7.6\lib\mui\Release\CL.8844.write.1.tlog
D:\Dev\VS2012\glut-3.7.6\lib\mui\Release\CL.8888.read.1.tlog
D:\Dev\VS2012\glut-3.7.6\lib\mui\Release\CL.8888.write.1.tlog
D:\Dev\VS2012\glut-3.7.6\lib\mui\Release\CL.8944.read.1.tlog
D:\Dev\VS2012\glut-3.7.6\lib\mui\Release\CL.8944.write.1.tlog
D:\Dev\VS2012\glut-3.7.6\lib\mui\Release\CL.9036.read.1.tlog
D:\Dev\VS2012\glut-3.7.6\lib\mui\Release\CL.9036.write.1.tlog
D:\Dev\VS2012\glut-3.7.6\lib\mui\Release\CL.9404.read.1.tlog
D:\Dev\VS2012\glut-3.7.6\lib\mui\Release\CL.9404.write.1.tlog
D:\Dev\VS2012\glut-3.7.6\lib\mui\Release\CL.9912.read.1.tlog
D:\Dev\VS2012\glut-3.7.6\lib\mui\Release\CL.9912.write.1.tlog
D:\Dev\VS2012\glut-3.7.6\lib\mui\Release\CL.9980.read.1.tlog
D:\Dev\VS2012\glut-3.7.6\lib\mui\Release\CL.9980.write.1.tlog
D:\Dev\VS2012\glut-3.7.6\lib\mui\Release\cl.command.1.tlog
D:\Dev\VS2012\glut-3.7.6\lib\mui\Release\CL.read.1.tlog
D:\Dev\VS2012\glut-3.7.6\lib\mui\Release\cl.write.1.tlog
D:\Dev\VS2012\glut-3.7.6\lib\mui\Release\Lib-link.read.1.tlog
D:\Dev\VS2012\glut-3.7.6\lib\mui\Release\Lib-link.write.1.tlog
D:\Dev\VS2012\glut-3.7.6\lib\mui\Release\lib.command.1.tlog
D:\Dev\VS2012\glut-3.7.6\lib\mui\..\..\bin\mui32.lib
