D:\DEV\VS2012\GLUT-3.7.6\LIB\GLUT\RELEASE\VC110.PDB
D:\DEV\VS2012\GLUT-3.7.6\LIB\GLUT\RELEASE\GLUT_9X15.OBJ
D:\DEV\VS2012\GLUT-3.7.6\LIB\GLUT\RELEASE\GLUT_EVENT.OBJ
D:\DEV\VS2012\GLUT-3.7.6\LIB\GLUT\RELEASE\GLUT_INPUT.OBJ
D:\DEV\VS2012\GLUT-3.7.6\LIB\GLUT\RELEASE\GLUT_MROMAN.OBJ
D:\DEV\VS2012\GLUT-3.7.6\LIB\GLUT\RELEASE\GLUT_ROMAN.OBJ
D:\DEV\VS2012\GLUT-3.7.6\LIB\GLUT\RELEASE\GLUT_SHAPES.OBJ
D:\DEV\VS2012\GLUT-3.7.6\LIB\GLUT\RELEASE\GLUT_UTIL.OBJ
D:\DEV\VS2012\GLUT-3.7.6\LIB\GLUT\RELEASE\WIN32_X11.OBJ
D:\DEV\VS2012\GLUT-3.7.6\LIB\GLUT\RELEASE\GLUT_CURSOR.OBJ
D:\DEV\VS2012\GLUT-3.7.6\LIB\GLUT\RELEASE\GLUT_FCB.OBJ
D:\DEV\VS2012\GLUT-3.7.6\LIB\GLUT\RELEASE\GLUT_KEY.OBJ
D:\DEV\VS2012\GLUT-3.7.6\LIB\GLUT\RELEASE\GLUT_STROKE.OBJ
D:\DEV\VS2012\GLUT-3.7.6\LIB\GLUT\RELEASE\GLUT_WIN.OBJ
D:\DEV\VS2012\GLUT-3.7.6\LIB\GLUT\RELEASE\GLUT_DSTR.OBJ
D:\DEV\VS2012\GLUT-3.7.6\LIB\GLUT\RELEASE\GLUT_HEL10.OBJ
D:\DEV\VS2012\GLUT-3.7.6\LIB\GLUT\RELEASE\GLUT_HEL12.OBJ
D:\DEV\VS2012\GLUT-3.7.6\LIB\GLUT\RELEASE\GLUT_HEL18.OBJ
D:\DEV\VS2012\GLUT-3.7.6\LIB\GLUT\RELEASE\GLUT_INIT.OBJ
D:\DEV\VS2012\GLUT-3.7.6\LIB\GLUT\RELEASE\GLUT_OVERLAY.OBJ
D:\DEV\VS2012\GLUT-3.7.6\LIB\GLUT\RELEASE\GLUT_TR10.OBJ
D:\DEV\VS2012\GLUT-3.7.6\LIB\GLUT\RELEASE\GLUT_TR24.OBJ
D:\DEV\VS2012\GLUT-3.7.6\LIB\GLUT\RELEASE\GLUT_VIDRESIZE.OBJ
D:\DEV\VS2012\GLUT-3.7.6\LIB\GLUT\RELEASE\WIN32_WINPROC.OBJ
D:\DEV\VS2012\GLUT-3.7.6\LIB\GLUT\RELEASE\GLUT_BITMAP.OBJ
D:\DEV\VS2012\GLUT-3.7.6\LIB\GLUT\RELEASE\GLUT_EXT.OBJ
D:\DEV\VS2012\GLUT-3.7.6\LIB\GLUT\RELEASE\GLUT_JOY.OBJ
D:\DEV\VS2012\GLUT-3.7.6\LIB\GLUT\RELEASE\GLUT_SPACE.OBJ
D:\DEV\VS2012\GLUT-3.7.6\LIB\GLUT\RELEASE\GLUT_WARP.OBJ
D:\DEV\VS2012\GLUT-3.7.6\LIB\GLUT\RELEASE\GLUT_CINDEX.OBJ
D:\DEV\VS2012\GLUT-3.7.6\LIB\GLUT\RELEASE\GLUT_GET.OBJ
D:\DEV\VS2012\GLUT-3.7.6\LIB\GLUT\RELEASE\GLUT_MESA.OBJ
D:\DEV\VS2012\GLUT-3.7.6\LIB\GLUT\RELEASE\GLUT_TABLET.OBJ
D:\DEV\VS2012\GLUT-3.7.6\LIB\GLUT\RELEASE\WIN32_MENU.OBJ
D:\DEV\VS2012\GLUT-3.7.6\LIB\GLUT\RELEASE\GLUT_BWIDTH.OBJ
D:\DEV\VS2012\GLUT-3.7.6\LIB\GLUT\RELEASE\GLUT_FULLSCRN.OBJ
D:\DEV\VS2012\GLUT-3.7.6\LIB\GLUT\RELEASE\GLUT_KEYUP.OBJ
D:\DEV\VS2012\GLUT-3.7.6\LIB\GLUT\RELEASE\GLUT_SWIDTH.OBJ
D:\DEV\VS2012\GLUT-3.7.6\LIB\GLUT\RELEASE\WIN32_GLX.OBJ
D:\DEV\VS2012\GLUT-3.7.6\LIB\GLUT\RELEASE\GLUT_8X13.OBJ
D:\DEV\VS2012\GLUT-3.7.6\LIB\GLUT\RELEASE\GLUT_CMAP.OBJ
D:\DEV\VS2012\GLUT-3.7.6\LIB\GLUT\RELEASE\GLUT_GAMEMODE.OBJ
D:\DEV\VS2012\GLUT-3.7.6\LIB\GLUT\RELEASE\GLUT_MODIFIER.OBJ
D:\DEV\VS2012\GLUT-3.7.6\LIB\GLUT\RELEASE\GLUT_TEAPOT.OBJ
D:\DEV\VS2012\GLUT-3.7.6\LIB\GLUT\RELEASE\WIN32_UTIL.OBJ
D:\DEV\VS2012\GLUT-3.7.6\LIB\GLUT\RELEASE\GLUT_DIALS.OBJ
D:\DEV\VS2012\GLUT-3.7.6\LIB\GLUT\RELEASE\GLUT_GLXEXT.OBJ
D:\DEV\VS2012\GLUT-3.7.6\LIB\GLUT\RELEASE\GLUT_KEYCTRL.OBJ
D:\DEV\VS2012\GLUT-3.7.6\LIB\GLUT\RELEASE\GLUT_SWAP.OBJ
D:\DEV\VS2012\GLUT-3.7.6\LIB\GLUT\RELEASE\GLUT_WINMISC.OBJ
D:\Dev\VS2012\glut-3.7.6\lib\glut\Release\glut32.lib
D:\Dev\VS2012\glut-3.7.6\lib\glut\Release\glut32.exp
D:\DEV\VS2012\GLUT-3.7.6\BIN\GLUT32.DLL
D:\DEV\VS2012\GLUT-3.7.6\LIB\GLUT\RELEASE\GLUT.RES
D:\Dev\VS2012\glut-3.7.6\lib\glut\Release\glut_8x13.obj
D:\Dev\VS2012\glut-3.7.6\lib\glut\Release\glut_9x15.obj
D:\Dev\VS2012\glut-3.7.6\lib\glut\Release\glut_bitmap.obj
D:\Dev\VS2012\glut-3.7.6\lib\glut\Release\glut_bwidth.obj
D:\Dev\VS2012\glut-3.7.6\lib\glut\Release\glut_cindex.obj
D:\Dev\VS2012\glut-3.7.6\lib\glut\Release\glut_cmap.obj
D:\Dev\VS2012\glut-3.7.6\lib\glut\Release\glut_cursor.obj
D:\Dev\VS2012\glut-3.7.6\lib\glut\Release\glut_dials.obj
D:\Dev\VS2012\glut-3.7.6\lib\glut\Release\glut_dstr.obj
D:\Dev\VS2012\glut-3.7.6\lib\glut\Release\glut_event.obj
D:\Dev\VS2012\glut-3.7.6\lib\glut\Release\glut_ext.obj
D:\Dev\VS2012\glut-3.7.6\lib\glut\Release\glut_fcb.obj
D:\Dev\VS2012\glut-3.7.6\lib\glut\Release\glut_fullscrn.obj
D:\Dev\VS2012\glut-3.7.6\lib\glut\Release\glut_gamemode.obj
D:\Dev\VS2012\glut-3.7.6\lib\glut\Release\glut_get.obj
D:\Dev\VS2012\glut-3.7.6\lib\glut\Release\glut_glxext.obj
D:\Dev\VS2012\glut-3.7.6\lib\glut\Release\glut_hel10.obj
D:\Dev\VS2012\glut-3.7.6\lib\glut\Release\glut_hel12.obj
D:\Dev\VS2012\glut-3.7.6\lib\glut\Release\glut_hel18.obj
D:\Dev\VS2012\glut-3.7.6\lib\glut\Release\glut_init.obj
D:\Dev\VS2012\glut-3.7.6\lib\glut\Release\glut_input.obj
D:\Dev\VS2012\glut-3.7.6\lib\glut\Release\glut_joy.obj
D:\Dev\VS2012\glut-3.7.6\lib\glut\Release\glut_key.obj
D:\Dev\VS2012\glut-3.7.6\lib\glut\Release\glut_keyctrl.obj
D:\Dev\VS2012\glut-3.7.6\lib\glut\Release\glut_keyup.obj
D:\Dev\VS2012\glut-3.7.6\lib\glut\Release\glut_mesa.obj
D:\Dev\VS2012\glut-3.7.6\lib\glut\Release\glut_modifier.obj
D:\Dev\VS2012\glut-3.7.6\lib\glut\Release\glut_mroman.obj
D:\Dev\VS2012\glut-3.7.6\lib\glut\Release\glut_overlay.obj
D:\Dev\VS2012\glut-3.7.6\lib\glut\Release\glut_roman.obj
D:\Dev\VS2012\glut-3.7.6\lib\glut\Release\glut_shapes.obj
D:\Dev\VS2012\glut-3.7.6\lib\glut\Release\glut_space.obj
D:\Dev\VS2012\glut-3.7.6\lib\glut\Release\glut_stroke.obj
D:\Dev\VS2012\glut-3.7.6\lib\glut\Release\glut_swap.obj
D:\Dev\VS2012\glut-3.7.6\lib\glut\Release\glut_swidth.obj
D:\Dev\VS2012\glut-3.7.6\lib\glut\Release\glut_tablet.obj
D:\Dev\VS2012\glut-3.7.6\lib\glut\Release\glut_teapot.obj
D:\Dev\VS2012\glut-3.7.6\lib\glut\Release\glut_tr10.obj
D:\Dev\VS2012\glut-3.7.6\lib\glut\Release\glut_tr24.obj
D:\Dev\VS2012\glut-3.7.6\lib\glut\Release\glut_util.obj
D:\Dev\VS2012\glut-3.7.6\lib\glut\Release\glut_vidresize.obj
D:\Dev\VS2012\glut-3.7.6\lib\glut\Release\glut_warp.obj
D:\Dev\VS2012\glut-3.7.6\lib\glut\Release\glut_win.obj
D:\Dev\VS2012\glut-3.7.6\lib\glut\Release\glut_winmisc.obj
D:\Dev\VS2012\glut-3.7.6\lib\glut\Release\win32_glx.obj
D:\Dev\VS2012\glut-3.7.6\lib\glut\Release\win32_menu.obj
D:\Dev\VS2012\glut-3.7.6\lib\glut\Release\win32_util.obj
D:\Dev\VS2012\glut-3.7.6\lib\glut\Release\win32_winproc.obj
D:\Dev\VS2012\glut-3.7.6\lib\glut\Release\win32_x11.obj
D:\Dev\VS2012\glut-3.7.6\lib\glut\Release\CL.10152.read.1.tlog
D:\Dev\VS2012\glut-3.7.6\lib\glut\Release\CL.10152.write.1.tlog
D:\Dev\VS2012\glut-3.7.6\lib\glut\Release\CL.10200.read.1.tlog
D:\Dev\VS2012\glut-3.7.6\lib\glut\Release\CL.10200.write.1.tlog
D:\Dev\VS2012\glut-3.7.6\lib\glut\Release\CL.1708.read.1.tlog
D:\Dev\VS2012\glut-3.7.6\lib\glut\Release\CL.1708.write.1.tlog
D:\Dev\VS2012\glut-3.7.6\lib\glut\Release\CL.2840.read.1.tlog
D:\Dev\VS2012\glut-3.7.6\lib\glut\Release\CL.2840.write.1.tlog
D:\Dev\VS2012\glut-3.7.6\lib\glut\Release\CL.3076.read.1.tlog
D:\Dev\VS2012\glut-3.7.6\lib\glut\Release\CL.3076.write.1.tlog
D:\Dev\VS2012\glut-3.7.6\lib\glut\Release\CL.3696.read.1.tlog
D:\Dev\VS2012\glut-3.7.6\lib\glut\Release\CL.3696.write.1.tlog
D:\Dev\VS2012\glut-3.7.6\lib\glut\Release\CL.4256.read.1.tlog
D:\Dev\VS2012\glut-3.7.6\lib\glut\Release\CL.4256.write.1.tlog
D:\Dev\VS2012\glut-3.7.6\lib\glut\Release\CL.4328.read.1.tlog
D:\Dev\VS2012\glut-3.7.6\lib\glut\Release\CL.4328.write.1.tlog
D:\Dev\VS2012\glut-3.7.6\lib\glut\Release\CL.4364.read.1.tlog
D:\Dev\VS2012\glut-3.7.6\lib\glut\Release\CL.4364.write.1.tlog
D:\Dev\VS2012\glut-3.7.6\lib\glut\Release\CL.5208.read.1.tlog
D:\Dev\VS2012\glut-3.7.6\lib\glut\Release\CL.5208.write.1.tlog
D:\Dev\VS2012\glut-3.7.6\lib\glut\Release\CL.5228.read.1.tlog
D:\Dev\VS2012\glut-3.7.6\lib\glut\Release\CL.5228.write.1.tlog
D:\Dev\VS2012\glut-3.7.6\lib\glut\Release\CL.5284.read.1.tlog
D:\Dev\VS2012\glut-3.7.6\lib\glut\Release\CL.5284.write.1.tlog
D:\Dev\VS2012\glut-3.7.6\lib\glut\Release\CL.5560.read.1.tlog
D:\Dev\VS2012\glut-3.7.6\lib\glut\Release\CL.5560.write.1.tlog
D:\Dev\VS2012\glut-3.7.6\lib\glut\Release\CL.5732.read.1.tlog
D:\Dev\VS2012\glut-3.7.6\lib\glut\Release\CL.5732.write.1.tlog
D:\Dev\VS2012\glut-3.7.6\lib\glut\Release\CL.6912.read.1.tlog
D:\Dev\VS2012\glut-3.7.6\lib\glut\Release\CL.6912.write.1.tlog
D:\Dev\VS2012\glut-3.7.6\lib\glut\Release\CL.7048.read.1.tlog
D:\Dev\VS2012\glut-3.7.6\lib\glut\Release\CL.7048.write.1.tlog
D:\Dev\VS2012\glut-3.7.6\lib\glut\Release\CL.7444.read.1.tlog
D:\Dev\VS2012\glut-3.7.6\lib\glut\Release\CL.7444.write.1.tlog
D:\Dev\VS2012\glut-3.7.6\lib\glut\Release\CL.7448.read.1.tlog
D:\Dev\VS2012\glut-3.7.6\lib\glut\Release\CL.7448.write.1.tlog
D:\Dev\VS2012\glut-3.7.6\lib\glut\Release\CL.7480.read.1.tlog
D:\Dev\VS2012\glut-3.7.6\lib\glut\Release\CL.7480.write.1.tlog
D:\Dev\VS2012\glut-3.7.6\lib\glut\Release\CL.7828.read.1.tlog
D:\Dev\VS2012\glut-3.7.6\lib\glut\Release\CL.7828.write.1.tlog
D:\Dev\VS2012\glut-3.7.6\lib\glut\Release\CL.8148.read.1.tlog
D:\Dev\VS2012\glut-3.7.6\lib\glut\Release\CL.8148.write.1.tlog
D:\Dev\VS2012\glut-3.7.6\lib\glut\Release\CL.8532.read.1.tlog
D:\Dev\VS2012\glut-3.7.6\lib\glut\Release\CL.8532.write.1.tlog
D:\Dev\VS2012\glut-3.7.6\lib\glut\Release\CL.8656.read.1.tlog
D:\Dev\VS2012\glut-3.7.6\lib\glut\Release\CL.8656.write.1.tlog
D:\Dev\VS2012\glut-3.7.6\lib\glut\Release\CL.8720.read.1.tlog
D:\Dev\VS2012\glut-3.7.6\lib\glut\Release\CL.8720.write.1.tlog
D:\Dev\VS2012\glut-3.7.6\lib\glut\Release\CL.8792.read.1.tlog
D:\Dev\VS2012\glut-3.7.6\lib\glut\Release\CL.8792.write.1.tlog
D:\Dev\VS2012\glut-3.7.6\lib\glut\Release\CL.8964.read.1.tlog
D:\Dev\VS2012\glut-3.7.6\lib\glut\Release\CL.8964.write.1.tlog
D:\Dev\VS2012\glut-3.7.6\lib\glut\Release\CL.8996.read.1.tlog
D:\Dev\VS2012\glut-3.7.6\lib\glut\Release\CL.8996.write.1.tlog
D:\Dev\VS2012\glut-3.7.6\lib\glut\Release\CL.9152.read.1.tlog
D:\Dev\VS2012\glut-3.7.6\lib\glut\Release\CL.9152.write.1.tlog
D:\Dev\VS2012\glut-3.7.6\lib\glut\Release\CL.9208.read.1.tlog
D:\Dev\VS2012\glut-3.7.6\lib\glut\Release\CL.9208.write.1.tlog
D:\Dev\VS2012\glut-3.7.6\lib\glut\Release\CL.9540.read.1.tlog
D:\Dev\VS2012\glut-3.7.6\lib\glut\Release\CL.9540.write.1.tlog
D:\Dev\VS2012\glut-3.7.6\lib\glut\Release\CL.9760.read.1.tlog
D:\Dev\VS2012\glut-3.7.6\lib\glut\Release\CL.9760.write.1.tlog
D:\Dev\VS2012\glut-3.7.6\lib\glut\Release\CL.9964.read.1.tlog
D:\Dev\VS2012\glut-3.7.6\lib\glut\Release\CL.9964.write.1.tlog
D:\Dev\VS2012\glut-3.7.6\lib\glut\Release\cl.command.1.tlog
D:\Dev\VS2012\glut-3.7.6\lib\glut\Release\CL.read.1.tlog
D:\Dev\VS2012\glut-3.7.6\lib\glut\Release\cl.write.1.tlog
D:\Dev\VS2012\glut-3.7.6\lib\glut\Release\glut32.write.1.tlog
D:\Dev\VS2012\glut-3.7.6\lib\glut\Release\link-cvtres.read.1.tlog
D:\Dev\VS2012\glut-3.7.6\lib\glut\Release\link-cvtres.write.1.tlog
D:\Dev\VS2012\glut-3.7.6\lib\glut\Release\link-rc.read.1.tlog
D:\Dev\VS2012\glut-3.7.6\lib\glut\Release\link-rc.write.1.tlog
D:\Dev\VS2012\glut-3.7.6\lib\glut\Release\link.command.1.tlog
D:\Dev\VS2012\glut-3.7.6\lib\glut\Release\link.read.1.tlog
D:\Dev\VS2012\glut-3.7.6\lib\glut\Release\link.write.1.tlog
D:\Dev\VS2012\glut-3.7.6\lib\glut\Release\rc.command.1.tlog
D:\Dev\VS2012\glut-3.7.6\lib\glut\Release\rc.read.1.tlog
D:\Dev\VS2012\glut-3.7.6\lib\glut\Release\rc.write.1.tlog
D:\Dev\VS2012\glut-3.7.6\lib\glut\Release\%(Filename).res
D:\Dev\VS2012\glut-3.7.6\lib\glut\Release\glut.res
D:\Dev\VS2012\glut-3.7.6\lib\glut\Release\glut64.exp
D:\Dev\VS2012\glut-3.7.6\lib\glut\..\..\bin\glut32.dll
