D:\DEV\VS2012\GLUT-3.7.6\LIB\GLE\RELEASE64\INTERSECT.OBJ
D:\DEV\VS2012\GLUT-3.7.6\LIB\GLE\RELEASE64\TEXGEN.OBJ
D:\DEV\VS2012\GLUT-3.7.6\LIB\GLE\RELEASE64\EX_RAW.OBJ
D:\DEV\VS2012\GLUT-3.7.6\LIB\GLE\RELEASE64\ROTATE.OBJ
D:\DEV\VS2012\GLUT-3.7.6\LIB\GLE\RELEASE64\UROTATE.OBJ
D:\DEV\VS2012\GLUT-3.7.6\LIB\GLE\RELEASE64\VIEW.OBJ
D:\DEV\VS2012\GLUT-3.7.6\LIB\GLE\RELEASE64\EX_ANGLE.OBJ
D:\DEV\VS2012\GLUT-3.7.6\LIB\GLE\RELEASE64\ROT_PRINCE.OBJ
D:\DEV\VS2012\GLUT-3.7.6\LIB\GLE\RELEASE64\SEGMENT.OBJ
D:\DEV\VS2012\GLUT-3.7.6\LIB\GLE\RELEASE64\EX_CUT_ROUND.OBJ
D:\DEV\VS2012\GLUT-3.7.6\LIB\GLE\RELEASE64\EXTRUDE.OBJ
D:\DEV\VS2012\GLUT-3.7.6\LIB\GLE\RELEASE64\ROUND_CAP.OBJ
D:\DEV\VS2012\GLUT-3.7.6\LIB\GLE\RELEASE\VC110.PDB
D:\DEV\VS2012\GLUT-3.7.6\BIN\GLE64.LIB
D:\Dev\VS2012\glut-3.7.6\lib\gle\Release64\extrude.obj
D:\Dev\VS2012\glut-3.7.6\lib\gle\Release64\ex_angle.obj
D:\Dev\VS2012\glut-3.7.6\lib\gle\Release64\ex_cut_round.obj
D:\Dev\VS2012\glut-3.7.6\lib\gle\Release64\ex_raw.obj
D:\Dev\VS2012\glut-3.7.6\lib\gle\Release64\intersect.obj
D:\Dev\VS2012\glut-3.7.6\lib\gle\Release64\rotate.obj
D:\Dev\VS2012\glut-3.7.6\lib\gle\Release64\rot_prince.obj
D:\Dev\VS2012\glut-3.7.6\lib\gle\Release64\round_cap.obj
D:\Dev\VS2012\glut-3.7.6\lib\gle\Release64\segment.obj
D:\Dev\VS2012\glut-3.7.6\lib\gle\Release64\texgen.obj
D:\Dev\VS2012\glut-3.7.6\lib\gle\Release64\urotate.obj
D:\Dev\VS2012\glut-3.7.6\lib\gle\Release64\view.obj
D:\Dev\VS2012\glut-3.7.6\lib\gle\Release64\CL.10132.read.1.tlog
D:\Dev\VS2012\glut-3.7.6\lib\gle\Release64\CL.10132.write.1.tlog
D:\Dev\VS2012\glut-3.7.6\lib\gle\Release64\CL.10204.read.1.tlog
D:\Dev\VS2012\glut-3.7.6\lib\gle\Release64\CL.10204.write.1.tlog
D:\Dev\VS2012\glut-3.7.6\lib\gle\Release64\CL.1120.read.1.tlog
D:\Dev\VS2012\glut-3.7.6\lib\gle\Release64\CL.1120.write.1.tlog
D:\Dev\VS2012\glut-3.7.6\lib\gle\Release64\CL.1176.read.1.tlog
D:\Dev\VS2012\glut-3.7.6\lib\gle\Release64\CL.1176.write.1.tlog
D:\Dev\VS2012\glut-3.7.6\lib\gle\Release64\CL.1208.read.1.tlog
D:\Dev\VS2012\glut-3.7.6\lib\gle\Release64\CL.1208.write.1.tlog
D:\Dev\VS2012\glut-3.7.6\lib\gle\Release64\CL.1224.read.1.tlog
D:\Dev\VS2012\glut-3.7.6\lib\gle\Release64\CL.1224.write.1.tlog
D:\Dev\VS2012\glut-3.7.6\lib\gle\Release64\CL.1244.read.1.tlog
D:\Dev\VS2012\glut-3.7.6\lib\gle\Release64\CL.1244.write.1.tlog
D:\Dev\VS2012\glut-3.7.6\lib\gle\Release64\CL.1448.read.1.tlog
D:\Dev\VS2012\glut-3.7.6\lib\gle\Release64\CL.1448.write.1.tlog
D:\Dev\VS2012\glut-3.7.6\lib\gle\Release64\CL.1672.read.1.tlog
D:\Dev\VS2012\glut-3.7.6\lib\gle\Release64\CL.1672.write.1.tlog
D:\Dev\VS2012\glut-3.7.6\lib\gle\Release64\CL.1880.read.1.tlog
D:\Dev\VS2012\glut-3.7.6\lib\gle\Release64\CL.1880.write.1.tlog
D:\Dev\VS2012\glut-3.7.6\lib\gle\Release64\CL.1956.read.1.tlog
D:\Dev\VS2012\glut-3.7.6\lib\gle\Release64\CL.1956.write.1.tlog
D:\Dev\VS2012\glut-3.7.6\lib\gle\Release64\CL.2352.read.1.tlog
D:\Dev\VS2012\glut-3.7.6\lib\gle\Release64\CL.2352.write.1.tlog
D:\Dev\VS2012\glut-3.7.6\lib\gle\Release64\CL.2616.read.1.tlog
D:\Dev\VS2012\glut-3.7.6\lib\gle\Release64\CL.2616.write.1.tlog
D:\Dev\VS2012\glut-3.7.6\lib\gle\Release64\CL.2664.read.1.tlog
D:\Dev\VS2012\glut-3.7.6\lib\gle\Release64\CL.2664.write.1.tlog
D:\Dev\VS2012\glut-3.7.6\lib\gle\Release64\CL.3328.read.1.tlog
D:\Dev\VS2012\glut-3.7.6\lib\gle\Release64\CL.3328.write.1.tlog
D:\Dev\VS2012\glut-3.7.6\lib\gle\Release64\CL.3388.read.1.tlog
D:\Dev\VS2012\glut-3.7.6\lib\gle\Release64\CL.3388.write.1.tlog
D:\Dev\VS2012\glut-3.7.6\lib\gle\Release64\CL.3408.read.1.tlog
D:\Dev\VS2012\glut-3.7.6\lib\gle\Release64\CL.3408.write.1.tlog
D:\Dev\VS2012\glut-3.7.6\lib\gle\Release64\CL.3700.read.1.tlog
D:\Dev\VS2012\glut-3.7.6\lib\gle\Release64\CL.3700.write.1.tlog
D:\Dev\VS2012\glut-3.7.6\lib\gle\Release64\CL.3804.read.1.tlog
D:\Dev\VS2012\glut-3.7.6\lib\gle\Release64\CL.3804.write.1.tlog
D:\Dev\VS2012\glut-3.7.6\lib\gle\Release64\CL.3956.read.1.tlog
D:\Dev\VS2012\glut-3.7.6\lib\gle\Release64\CL.3956.write.1.tlog
D:\Dev\VS2012\glut-3.7.6\lib\gle\Release64\CL.4248.read.1.tlog
D:\Dev\VS2012\glut-3.7.6\lib\gle\Release64\CL.4248.write.1.tlog
D:\Dev\VS2012\glut-3.7.6\lib\gle\Release64\CL.4312.read.1.tlog
D:\Dev\VS2012\glut-3.7.6\lib\gle\Release64\CL.4312.write.1.tlog
D:\Dev\VS2012\glut-3.7.6\lib\gle\Release64\CL.4328.read.1.tlog
D:\Dev\VS2012\glut-3.7.6\lib\gle\Release64\CL.4328.write.1.tlog
D:\Dev\VS2012\glut-3.7.6\lib\gle\Release64\CL.4420.read.1.tlog
D:\Dev\VS2012\glut-3.7.6\lib\gle\Release64\CL.4420.write.1.tlog
D:\Dev\VS2012\glut-3.7.6\lib\gle\Release64\CL.4804.read.1.tlog
D:\Dev\VS2012\glut-3.7.6\lib\gle\Release64\CL.4804.write.1.tlog
D:\Dev\VS2012\glut-3.7.6\lib\gle\Release64\CL.4920.read.1.tlog
D:\Dev\VS2012\glut-3.7.6\lib\gle\Release64\CL.4920.write.1.tlog
D:\Dev\VS2012\glut-3.7.6\lib\gle\Release64\CL.5116.read.1.tlog
D:\Dev\VS2012\glut-3.7.6\lib\gle\Release64\CL.5116.write.1.tlog
D:\Dev\VS2012\glut-3.7.6\lib\gle\Release64\CL.5232.read.1.tlog
D:\Dev\VS2012\glut-3.7.6\lib\gle\Release64\CL.5232.write.1.tlog
D:\Dev\VS2012\glut-3.7.6\lib\gle\Release64\CL.5492.read.1.tlog
D:\Dev\VS2012\glut-3.7.6\lib\gle\Release64\CL.5492.write.1.tlog
D:\Dev\VS2012\glut-3.7.6\lib\gle\Release64\CL.5592.read.1.tlog
D:\Dev\VS2012\glut-3.7.6\lib\gle\Release64\CL.5592.write.1.tlog
D:\Dev\VS2012\glut-3.7.6\lib\gle\Release64\CL.5736.read.1.tlog
D:\Dev\VS2012\glut-3.7.6\lib\gle\Release64\CL.5736.write.1.tlog
D:\Dev\VS2012\glut-3.7.6\lib\gle\Release64\CL.5740.read.1.tlog
D:\Dev\VS2012\glut-3.7.6\lib\gle\Release64\CL.5740.write.1.tlog
D:\Dev\VS2012\glut-3.7.6\lib\gle\Release64\CL.5824.read.1.tlog
D:\Dev\VS2012\glut-3.7.6\lib\gle\Release64\CL.5824.write.1.tlog
D:\Dev\VS2012\glut-3.7.6\lib\gle\Release64\CL.5904.read.1.tlog
D:\Dev\VS2012\glut-3.7.6\lib\gle\Release64\CL.5904.write.1.tlog
D:\Dev\VS2012\glut-3.7.6\lib\gle\Release64\CL.6012.read.1.tlog
D:\Dev\VS2012\glut-3.7.6\lib\gle\Release64\CL.6012.write.1.tlog
D:\Dev\VS2012\glut-3.7.6\lib\gle\Release64\CL.6032.read.1.tlog
D:\Dev\VS2012\glut-3.7.6\lib\gle\Release64\CL.6032.write.1.tlog
D:\Dev\VS2012\glut-3.7.6\lib\gle\Release64\CL.6044.read.1.tlog
D:\Dev\VS2012\glut-3.7.6\lib\gle\Release64\CL.6044.write.1.tlog
D:\Dev\VS2012\glut-3.7.6\lib\gle\Release64\CL.6064.read.1.tlog
D:\Dev\VS2012\glut-3.7.6\lib\gle\Release64\CL.6064.write.1.tlog
D:\Dev\VS2012\glut-3.7.6\lib\gle\Release64\CL.6108.read.1.tlog
D:\Dev\VS2012\glut-3.7.6\lib\gle\Release64\CL.6108.write.1.tlog
D:\Dev\VS2012\glut-3.7.6\lib\gle\Release64\CL.6228.read.1.tlog
D:\Dev\VS2012\glut-3.7.6\lib\gle\Release64\CL.6228.write.1.tlog
D:\Dev\VS2012\glut-3.7.6\lib\gle\Release64\CL.6248.read.1.tlog
D:\Dev\VS2012\glut-3.7.6\lib\gle\Release64\CL.6248.write.1.tlog
D:\Dev\VS2012\glut-3.7.6\lib\gle\Release64\CL.6508.read.1.tlog
D:\Dev\VS2012\glut-3.7.6\lib\gle\Release64\CL.6508.write.1.tlog
D:\Dev\VS2012\glut-3.7.6\lib\gle\Release64\CL.6620.read.1.tlog
D:\Dev\VS2012\glut-3.7.6\lib\gle\Release64\CL.6620.write.1.tlog
D:\Dev\VS2012\glut-3.7.6\lib\gle\Release64\CL.6768.read.1.tlog
D:\Dev\VS2012\glut-3.7.6\lib\gle\Release64\CL.6768.write.1.tlog
D:\Dev\VS2012\glut-3.7.6\lib\gle\Release64\CL.6800.read.1.tlog
D:\Dev\VS2012\glut-3.7.6\lib\gle\Release64\CL.6800.write.1.tlog
D:\Dev\VS2012\glut-3.7.6\lib\gle\Release64\CL.6816.read.1.tlog
D:\Dev\VS2012\glut-3.7.6\lib\gle\Release64\CL.6816.write.1.tlog
D:\Dev\VS2012\glut-3.7.6\lib\gle\Release64\CL.6952.read.1.tlog
D:\Dev\VS2012\glut-3.7.6\lib\gle\Release64\CL.6952.write.1.tlog
D:\Dev\VS2012\glut-3.7.6\lib\gle\Release64\CL.7052.read.1.tlog
D:\Dev\VS2012\glut-3.7.6\lib\gle\Release64\CL.7052.write.1.tlog
D:\Dev\VS2012\glut-3.7.6\lib\gle\Release64\CL.7080.read.1.tlog
D:\Dev\VS2012\glut-3.7.6\lib\gle\Release64\CL.7080.write.1.tlog
D:\Dev\VS2012\glut-3.7.6\lib\gle\Release64\CL.7164.read.1.tlog
D:\Dev\VS2012\glut-3.7.6\lib\gle\Release64\CL.7164.write.1.tlog
D:\Dev\VS2012\glut-3.7.6\lib\gle\Release64\CL.7172.read.1.tlog
D:\Dev\VS2012\glut-3.7.6\lib\gle\Release64\CL.7172.write.1.tlog
D:\Dev\VS2012\glut-3.7.6\lib\gle\Release64\CL.7500.read.1.tlog
D:\Dev\VS2012\glut-3.7.6\lib\gle\Release64\CL.7500.write.1.tlog
D:\Dev\VS2012\glut-3.7.6\lib\gle\Release64\CL.7512.read.1.tlog
D:\Dev\VS2012\glut-3.7.6\lib\gle\Release64\CL.7512.write.1.tlog
D:\Dev\VS2012\glut-3.7.6\lib\gle\Release64\CL.7536.read.1.tlog
D:\Dev\VS2012\glut-3.7.6\lib\gle\Release64\CL.7536.write.1.tlog
D:\Dev\VS2012\glut-3.7.6\lib\gle\Release64\CL.7556.read.1.tlog
D:\Dev\VS2012\glut-3.7.6\lib\gle\Release64\CL.7556.write.1.tlog
D:\Dev\VS2012\glut-3.7.6\lib\gle\Release64\CL.7832.read.1.tlog
D:\Dev\VS2012\glut-3.7.6\lib\gle\Release64\CL.7832.write.1.tlog
D:\Dev\VS2012\glut-3.7.6\lib\gle\Release64\CL.7876.read.1.tlog
D:\Dev\VS2012\glut-3.7.6\lib\gle\Release64\CL.7876.write.1.tlog
D:\Dev\VS2012\glut-3.7.6\lib\gle\Release64\CL.7964.read.1.tlog
D:\Dev\VS2012\glut-3.7.6\lib\gle\Release64\CL.7964.write.1.tlog
D:\Dev\VS2012\glut-3.7.6\lib\gle\Release64\CL.8036.read.1.tlog
D:\Dev\VS2012\glut-3.7.6\lib\gle\Release64\CL.8036.write.1.tlog
D:\Dev\VS2012\glut-3.7.6\lib\gle\Release64\CL.8068.read.1.tlog
D:\Dev\VS2012\glut-3.7.6\lib\gle\Release64\CL.8068.write.1.tlog
D:\Dev\VS2012\glut-3.7.6\lib\gle\Release64\CL.8072.read.1.tlog
D:\Dev\VS2012\glut-3.7.6\lib\gle\Release64\CL.8072.write.1.tlog
D:\Dev\VS2012\glut-3.7.6\lib\gle\Release64\CL.8124.read.1.tlog
D:\Dev\VS2012\glut-3.7.6\lib\gle\Release64\CL.8124.write.1.tlog
D:\Dev\VS2012\glut-3.7.6\lib\gle\Release64\CL.8184.read.1.tlog
D:\Dev\VS2012\glut-3.7.6\lib\gle\Release64\CL.8184.write.1.tlog
D:\Dev\VS2012\glut-3.7.6\lib\gle\Release64\CL.8288.read.1.tlog
D:\Dev\VS2012\glut-3.7.6\lib\gle\Release64\CL.8288.write.1.tlog
D:\Dev\VS2012\glut-3.7.6\lib\gle\Release64\CL.8324.read.1.tlog
D:\Dev\VS2012\glut-3.7.6\lib\gle\Release64\CL.8324.write.1.tlog
D:\Dev\VS2012\glut-3.7.6\lib\gle\Release64\CL.8408.read.1.tlog
D:\Dev\VS2012\glut-3.7.6\lib\gle\Release64\CL.8408.write.1.tlog
D:\Dev\VS2012\glut-3.7.6\lib\gle\Release64\CL.8524.read.1.tlog
D:\Dev\VS2012\glut-3.7.6\lib\gle\Release64\CL.8524.write.1.tlog
D:\Dev\VS2012\glut-3.7.6\lib\gle\Release64\CL.8572.read.1.tlog
D:\Dev\VS2012\glut-3.7.6\lib\gle\Release64\CL.8572.write.1.tlog
D:\Dev\VS2012\glut-3.7.6\lib\gle\Release64\CL.8680.read.1.tlog
D:\Dev\VS2012\glut-3.7.6\lib\gle\Release64\CL.8680.write.1.tlog
D:\Dev\VS2012\glut-3.7.6\lib\gle\Release64\CL.8688.read.1.tlog
D:\Dev\VS2012\glut-3.7.6\lib\gle\Release64\CL.8688.write.1.tlog
D:\Dev\VS2012\glut-3.7.6\lib\gle\Release64\CL.8692.read.1.tlog
D:\Dev\VS2012\glut-3.7.6\lib\gle\Release64\CL.8692.write.1.tlog
D:\Dev\VS2012\glut-3.7.6\lib\gle\Release64\CL.8712.read.1.tlog
D:\Dev\VS2012\glut-3.7.6\lib\gle\Release64\CL.8712.write.1.tlog
D:\Dev\VS2012\glut-3.7.6\lib\gle\Release64\CL.8764.read.1.tlog
D:\Dev\VS2012\glut-3.7.6\lib\gle\Release64\CL.8764.write.1.tlog
D:\Dev\VS2012\glut-3.7.6\lib\gle\Release64\CL.8824.read.1.tlog
D:\Dev\VS2012\glut-3.7.6\lib\gle\Release64\CL.8824.write.1.tlog
D:\Dev\VS2012\glut-3.7.6\lib\gle\Release64\CL.8936.read.1.tlog
D:\Dev\VS2012\glut-3.7.6\lib\gle\Release64\CL.8936.write.1.tlog
D:\Dev\VS2012\glut-3.7.6\lib\gle\Release64\CL.8972.read.1.tlog
D:\Dev\VS2012\glut-3.7.6\lib\gle\Release64\CL.8972.write.1.tlog
D:\Dev\VS2012\glut-3.7.6\lib\gle\Release64\CL.9004.read.1.tlog
D:\Dev\VS2012\glut-3.7.6\lib\gle\Release64\CL.9004.write.1.tlog
D:\Dev\VS2012\glut-3.7.6\lib\gle\Release64\CL.9140.read.1.tlog
D:\Dev\VS2012\glut-3.7.6\lib\gle\Release64\CL.9140.write.1.tlog
D:\Dev\VS2012\glut-3.7.6\lib\gle\Release64\CL.9280.read.1.tlog
D:\Dev\VS2012\glut-3.7.6\lib\gle\Release64\CL.9280.write.1.tlog
D:\Dev\VS2012\glut-3.7.6\lib\gle\Release64\CL.9292.read.1.tlog
D:\Dev\VS2012\glut-3.7.6\lib\gle\Release64\CL.9292.write.1.tlog
D:\Dev\VS2012\glut-3.7.6\lib\gle\Release64\CL.9340.read.1.tlog
D:\Dev\VS2012\glut-3.7.6\lib\gle\Release64\CL.9340.write.1.tlog
D:\Dev\VS2012\glut-3.7.6\lib\gle\Release64\CL.9352.read.1.tlog
D:\Dev\VS2012\glut-3.7.6\lib\gle\Release64\CL.9352.write.1.tlog
D:\Dev\VS2012\glut-3.7.6\lib\gle\Release64\CL.9384.read.1.tlog
D:\Dev\VS2012\glut-3.7.6\lib\gle\Release64\CL.9384.write.1.tlog
D:\Dev\VS2012\glut-3.7.6\lib\gle\Release64\CL.9480.read.1.tlog
D:\Dev\VS2012\glut-3.7.6\lib\gle\Release64\CL.9480.write.1.tlog
D:\Dev\VS2012\glut-3.7.6\lib\gle\Release64\CL.9548.read.1.tlog
D:\Dev\VS2012\glut-3.7.6\lib\gle\Release64\CL.9548.write.1.tlog
D:\Dev\VS2012\glut-3.7.6\lib\gle\Release64\CL.9608.read.1.tlog
D:\Dev\VS2012\glut-3.7.6\lib\gle\Release64\CL.9608.write.1.tlog
D:\Dev\VS2012\glut-3.7.6\lib\gle\Release64\CL.9632.read.1.tlog
D:\Dev\VS2012\glut-3.7.6\lib\gle\Release64\CL.9632.write.1.tlog
D:\Dev\VS2012\glut-3.7.6\lib\gle\Release64\CL.9700.read.1.tlog
D:\Dev\VS2012\glut-3.7.6\lib\gle\Release64\CL.9700.write.1.tlog
D:\Dev\VS2012\glut-3.7.6\lib\gle\Release64\CL.9828.read.1.tlog
D:\Dev\VS2012\glut-3.7.6\lib\gle\Release64\CL.9828.write.1.tlog
D:\Dev\VS2012\glut-3.7.6\lib\gle\Release64\CL.9908.read.1.tlog
D:\Dev\VS2012\glut-3.7.6\lib\gle\Release64\CL.9908.write.1.tlog
D:\Dev\VS2012\glut-3.7.6\lib\gle\Release64\CL.9992.read.1.tlog
D:\Dev\VS2012\glut-3.7.6\lib\gle\Release64\CL.9992.write.1.tlog
D:\Dev\VS2012\glut-3.7.6\lib\gle\Release64\cl.command.1.tlog
D:\Dev\VS2012\glut-3.7.6\lib\gle\Release64\CL.read.1.tlog
D:\Dev\VS2012\glut-3.7.6\lib\gle\Release64\cl.write.1.tlog
D:\Dev\VS2012\glut-3.7.6\lib\gle\Release64\Lib-link.read.1.tlog
D:\Dev\VS2012\glut-3.7.6\lib\gle\Release64\Lib-link.write.1.tlog
D:\Dev\VS2012\glut-3.7.6\lib\gle\Release64\lib.command.1.tlog
D:\Dev\VS2012\glut-3.7.6\lib\gle\..\..\bin\gle64.lib
