D:\DEV\VS2012\GLUT-3.7.6\LIB\GLSMAP\RELEASE\SMAP_DESTROY.OBJ
D:\DEV\VS2012\GLUT-3.7.6\LIB\GLSMAP\RELEASE\SMAP_ORIGIN.OBJ
D:\DEV\VS2012\GLUT-3.7.6\LIB\GLSMAP\RELEASE\SMAP_TEXDIM.OBJ
D:\DEV\VS2012\GLUT-3.7.6\LIB\GLSMAP\RELEASE\SMAP_GETFUNC.OBJ
D:\DEV\VS2012\GLUT-3.7.6\LIB\GLSMAP\RELEASE\SMAP_NEARFAR.OBJ
D:\DEV\VS2012\GLUT-3.7.6\LIB\GLSMAP\RELEASE\SMAP_RVEC2ST.OBJ
D:\DEV\VS2012\GLUT-3.7.6\LIB\GLSMAP\RELEASE\SMAP_GETTEXDIM.OBJ
D:\DEV\VS2012\GLUT-3.7.6\LIB\GLSMAP\RELEASE\SMAP_MAKEMESH.OBJ
D:\DEV\VS2012\GLUT-3.7.6\LIB\GLSMAP\RELEASE\SMAP_CREATE.OBJ
D:\DEV\VS2012\GLUT-3.7.6\LIB\GLSMAP\RELEASE\SMAP_GETTEXOBJ.OBJ
D:\DEV\VS2012\GLUT-3.7.6\LIB\GLSMAP\RELEASE\SMAP_RENDER.OBJ
D:\DEV\VS2012\GLUT-3.7.6\LIB\GLSMAP\RELEASE\SMAP_CONTEXT.OBJ
D:\DEV\VS2012\GLUT-3.7.6\LIB\GLSMAP\RELEASE\SMAP_FLAG.OBJ
D:\DEV\VS2012\GLUT-3.7.6\LIB\GLSMAP\RELEASE\SMAP_GETVEC.OBJ
D:\DEV\VS2012\GLUT-3.7.6\LIB\GLSMAP\RELEASE\SMAP_SET.OBJ
D:\DEV\VS2012\GLUT-3.7.6\LIB\GLSMAP\RELEASE\SMAP_GET.OBJ
D:\DEV\VS2012\GLUT-3.7.6\LIB\GLSMAP\RELEASE\SMAP_SETVEC.OBJ
D:\DEV\VS2012\GLUT-3.7.6\LIB\GLSMAP\RELEASE\SMAP_BUILDSMAP.OBJ
D:\DEV\VS2012\GLUT-3.7.6\LIB\GLSMAP\RELEASE\SMAP_TEXOBJ.OBJ
D:\DEV\VS2012\GLUT-3.7.6\LIB\GLSMAP\RELEASE\SMAP_DRAWMESH.OBJ
D:\DEV\VS2012\GLUT-3.7.6\LIB\GLSMAP\RELEASE\SMAP_SETFUNC.OBJ
D:\DEV\VS2012\GLUT-3.7.6\LIB\GLSMAP\RELEASE\VC110.PDB
D:\DEV\VS2012\GLUT-3.7.6\BIN\GLSMAP32.LIB
D:\Dev\VS2012\glut-3.7.6\lib\glsmap\Release\smap_buildsmap.obj
D:\Dev\VS2012\glut-3.7.6\lib\glsmap\Release\smap_context.obj
D:\Dev\VS2012\glut-3.7.6\lib\glsmap\Release\smap_create.obj
D:\Dev\VS2012\glut-3.7.6\lib\glsmap\Release\smap_destroy.obj
D:\Dev\VS2012\glut-3.7.6\lib\glsmap\Release\smap_drawmesh.obj
D:\Dev\VS2012\glut-3.7.6\lib\glsmap\Release\smap_flag.obj
D:\Dev\VS2012\glut-3.7.6\lib\glsmap\Release\smap_get.obj
D:\Dev\VS2012\glut-3.7.6\lib\glsmap\Release\smap_getfunc.obj
D:\Dev\VS2012\glut-3.7.6\lib\glsmap\Release\smap_gettexdim.obj
D:\Dev\VS2012\glut-3.7.6\lib\glsmap\Release\smap_gettexobj.obj
D:\Dev\VS2012\glut-3.7.6\lib\glsmap\Release\smap_getvec.obj
D:\Dev\VS2012\glut-3.7.6\lib\glsmap\Release\smap_makemesh.obj
D:\Dev\VS2012\glut-3.7.6\lib\glsmap\Release\smap_nearfar.obj
D:\Dev\VS2012\glut-3.7.6\lib\glsmap\Release\smap_origin.obj
D:\Dev\VS2012\glut-3.7.6\lib\glsmap\Release\smap_render.obj
D:\Dev\VS2012\glut-3.7.6\lib\glsmap\Release\smap_rvec2st.obj
D:\Dev\VS2012\glut-3.7.6\lib\glsmap\Release\smap_set.obj
D:\Dev\VS2012\glut-3.7.6\lib\glsmap\Release\smap_setfunc.obj
D:\Dev\VS2012\glut-3.7.6\lib\glsmap\Release\smap_setvec.obj
D:\Dev\VS2012\glut-3.7.6\lib\glsmap\Release\smap_texdim.obj
D:\Dev\VS2012\glut-3.7.6\lib\glsmap\Release\smap_texobj.obj
D:\Dev\VS2012\glut-3.7.6\lib\glsmap\Release\CL.10068.read.1.tlog
D:\Dev\VS2012\glut-3.7.6\lib\glsmap\Release\CL.10068.write.1.tlog
D:\Dev\VS2012\glut-3.7.6\lib\glsmap\Release\CL.1796.read.1.tlog
D:\Dev\VS2012\glut-3.7.6\lib\glsmap\Release\CL.1796.write.1.tlog
D:\Dev\VS2012\glut-3.7.6\lib\glsmap\Release\CL.2724.read.1.tlog
D:\Dev\VS2012\glut-3.7.6\lib\glsmap\Release\CL.2724.write.1.tlog
D:\Dev\VS2012\glut-3.7.6\lib\glsmap\Release\CL.3300.read.1.tlog
D:\Dev\VS2012\glut-3.7.6\lib\glsmap\Release\CL.3300.write.1.tlog
D:\Dev\VS2012\glut-3.7.6\lib\glsmap\Release\CL.4364.read.1.tlog
D:\Dev\VS2012\glut-3.7.6\lib\glsmap\Release\CL.4364.write.1.tlog
D:\Dev\VS2012\glut-3.7.6\lib\glsmap\Release\CL.5172.read.1.tlog
D:\Dev\VS2012\glut-3.7.6\lib\glsmap\Release\CL.5172.write.1.tlog
D:\Dev\VS2012\glut-3.7.6\lib\glsmap\Release\CL.5208.read.1.tlog
D:\Dev\VS2012\glut-3.7.6\lib\glsmap\Release\CL.5208.write.1.tlog
D:\Dev\VS2012\glut-3.7.6\lib\glsmap\Release\CL.5284.read.1.tlog
D:\Dev\VS2012\glut-3.7.6\lib\glsmap\Release\CL.5284.write.1.tlog
D:\Dev\VS2012\glut-3.7.6\lib\glsmap\Release\CL.5300.read.1.tlog
D:\Dev\VS2012\glut-3.7.6\lib\glsmap\Release\CL.5300.write.1.tlog
D:\Dev\VS2012\glut-3.7.6\lib\glsmap\Release\CL.5380.read.1.tlog
D:\Dev\VS2012\glut-3.7.6\lib\glsmap\Release\CL.5380.write.1.tlog
D:\Dev\VS2012\glut-3.7.6\lib\glsmap\Release\CL.5560.read.1.tlog
D:\Dev\VS2012\glut-3.7.6\lib\glsmap\Release\CL.5560.write.1.tlog
D:\Dev\VS2012\glut-3.7.6\lib\glsmap\Release\CL.6420.read.1.tlog
D:\Dev\VS2012\glut-3.7.6\lib\glsmap\Release\CL.6420.write.1.tlog
D:\Dev\VS2012\glut-3.7.6\lib\glsmap\Release\CL.6724.read.1.tlog
D:\Dev\VS2012\glut-3.7.6\lib\glsmap\Release\CL.6724.write.1.tlog
D:\Dev\VS2012\glut-3.7.6\lib\glsmap\Release\CL.7028.read.1.tlog
D:\Dev\VS2012\glut-3.7.6\lib\glsmap\Release\CL.7028.write.1.tlog
D:\Dev\VS2012\glut-3.7.6\lib\glsmap\Release\CL.7032.read.1.tlog
D:\Dev\VS2012\glut-3.7.6\lib\glsmap\Release\CL.7032.write.1.tlog
D:\Dev\VS2012\glut-3.7.6\lib\glsmap\Release\CL.7344.read.1.tlog
D:\Dev\VS2012\glut-3.7.6\lib\glsmap\Release\CL.7344.write.1.tlog
D:\Dev\VS2012\glut-3.7.6\lib\glsmap\Release\CL.7424.read.1.tlog
D:\Dev\VS2012\glut-3.7.6\lib\glsmap\Release\CL.7424.write.1.tlog
D:\Dev\VS2012\glut-3.7.6\lib\glsmap\Release\CL.7444.read.1.tlog
D:\Dev\VS2012\glut-3.7.6\lib\glsmap\Release\CL.7444.write.1.tlog
D:\Dev\VS2012\glut-3.7.6\lib\glsmap\Release\CL.8084.read.1.tlog
D:\Dev\VS2012\glut-3.7.6\lib\glsmap\Release\CL.8084.write.1.tlog
D:\Dev\VS2012\glut-3.7.6\lib\glsmap\Release\CL.8452.read.1.tlog
D:\Dev\VS2012\glut-3.7.6\lib\glsmap\Release\CL.8452.write.1.tlog
D:\Dev\VS2012\glut-3.7.6\lib\glsmap\Release\CL.8508.read.1.tlog
D:\Dev\VS2012\glut-3.7.6\lib\glsmap\Release\CL.8508.write.1.tlog
D:\Dev\VS2012\glut-3.7.6\lib\glsmap\Release\CL.8604.read.1.tlog
D:\Dev\VS2012\glut-3.7.6\lib\glsmap\Release\CL.8604.write.1.tlog
D:\Dev\VS2012\glut-3.7.6\lib\glsmap\Release\CL.8868.read.1.tlog
D:\Dev\VS2012\glut-3.7.6\lib\glsmap\Release\CL.8868.write.1.tlog
D:\Dev\VS2012\glut-3.7.6\lib\glsmap\Release\CL.8996.read.1.tlog
D:\Dev\VS2012\glut-3.7.6\lib\glsmap\Release\CL.8996.write.1.tlog
D:\Dev\VS2012\glut-3.7.6\lib\glsmap\Release\CL.9152.read.1.tlog
D:\Dev\VS2012\glut-3.7.6\lib\glsmap\Release\CL.9152.write.1.tlog
D:\Dev\VS2012\glut-3.7.6\lib\glsmap\Release\CL.9380.read.1.tlog
D:\Dev\VS2012\glut-3.7.6\lib\glsmap\Release\CL.9380.write.1.tlog
D:\Dev\VS2012\glut-3.7.6\lib\glsmap\Release\CL.9444.read.1.tlog
D:\Dev\VS2012\glut-3.7.6\lib\glsmap\Release\CL.9444.write.1.tlog
D:\Dev\VS2012\glut-3.7.6\lib\glsmap\Release\CL.9556.read.1.tlog
D:\Dev\VS2012\glut-3.7.6\lib\glsmap\Release\CL.9556.write.1.tlog
D:\Dev\VS2012\glut-3.7.6\lib\glsmap\Release\CL.9660.read.1.tlog
D:\Dev\VS2012\glut-3.7.6\lib\glsmap\Release\CL.9660.write.1.tlog
D:\Dev\VS2012\glut-3.7.6\lib\glsmap\Release\CL.9964.read.1.tlog
D:\Dev\VS2012\glut-3.7.6\lib\glsmap\Release\CL.9964.write.1.tlog
D:\Dev\VS2012\glut-3.7.6\lib\glsmap\Release\cl.command.1.tlog
D:\Dev\VS2012\glut-3.7.6\lib\glsmap\Release\CL.read.1.tlog
D:\Dev\VS2012\glut-3.7.6\lib\glsmap\Release\cl.write.1.tlog
D:\Dev\VS2012\glut-3.7.6\lib\glsmap\Release\Lib-link.read.1.tlog
D:\Dev\VS2012\glut-3.7.6\lib\glsmap\Release\Lib-link.write.1.tlog
D:\Dev\VS2012\glut-3.7.6\lib\glsmap\Release\lib.command.1.tlog
D:\Dev\VS2012\glut-3.7.6\lib\glsmap\..\..\bin\glsmap32.lib
