D:\DEV\VS2012\GLUT-3.7.6\LIB\GLUT\RELEASE64\GLUT_9X15.OBJ
D:\DEV\VS2012\GLUT-3.7.6\LIB\GLUT\RELEASE64\GLUT_EVENT.OBJ
D:\DEV\VS2012\GLUT-3.7.6\LIB\GLUT\RELEASE64\GLUT_INIT.OBJ
D:\DEV\VS2012\GLUT-3.7.6\LIB\GLUT\RELEASE64\GLUT_ROMAN.OBJ
D:\DEV\VS2012\GLUT-3.7.6\LIB\GLUT\RELEASE64\GLUT_SHAPES.OBJ
D:\DEV\VS2012\GLUT-3.7.6\LIB\GLUT\RELEASE64\GLUT_UTIL.OBJ
D:\DEV\VS2012\GLUT-3.7.6\LIB\GLUT\RELEASE64\WIN32_X11.OBJ
D:\DEV\VS2012\GLUT-3.7.6\LIB\GLUT\RELEASE64\GLUT_DSTR.OBJ
D:\DEV\VS2012\GLUT-3.7.6\LIB\GLUT\RELEASE64\GLUT_HEL10.OBJ
D:\DEV\VS2012\GLUT-3.7.6\LIB\GLUT\RELEASE64\GLUT_HEL12.OBJ
D:\DEV\VS2012\GLUT-3.7.6\LIB\GLUT\RELEASE64\GLUT_HEL18.OBJ
D:\DEV\VS2012\GLUT-3.7.6\LIB\GLUT\RELEASE64\GLUT_INPUT.OBJ
D:\DEV\VS2012\GLUT-3.7.6\LIB\GLUT\RELEASE64\GLUT_MROMAN.OBJ
D:\DEV\VS2012\GLUT-3.7.6\LIB\GLUT\RELEASE64\GLUT_OVERLAY.OBJ
D:\DEV\VS2012\GLUT-3.7.6\LIB\GLUT\RELEASE64\GLUT_TR10.OBJ
D:\DEV\VS2012\GLUT-3.7.6\LIB\GLUT\RELEASE64\GLUT_TR24.OBJ
D:\DEV\VS2012\GLUT-3.7.6\LIB\GLUT\RELEASE64\GLUT_VIDRESIZE.OBJ
D:\DEV\VS2012\GLUT-3.7.6\LIB\GLUT\RELEASE64\WIN32_WINPROC.OBJ
D:\DEV\VS2012\GLUT-3.7.6\LIB\GLUT\RELEASE64\GLUT_CURSOR.OBJ
D:\DEV\VS2012\GLUT-3.7.6\LIB\GLUT\RELEASE64\GLUT_FCB.OBJ
D:\DEV\VS2012\GLUT-3.7.6\LIB\GLUT\RELEASE64\GLUT_KEY.OBJ
D:\DEV\VS2012\GLUT-3.7.6\LIB\GLUT\RELEASE64\GLUT_STROKE.OBJ
D:\DEV\VS2012\GLUT-3.7.6\LIB\GLUT\RELEASE64\GLUT_WIN.OBJ
D:\DEV\VS2012\GLUT-3.7.6\LIB\GLUT\RELEASE64\GLUT_CINDEX.OBJ
D:\DEV\VS2012\GLUT-3.7.6\LIB\GLUT\RELEASE64\GLUT_GAMEMODE.OBJ
D:\DEV\VS2012\GLUT-3.7.6\LIB\GLUT\RELEASE64\GLUT_MESA.OBJ
D:\DEV\VS2012\GLUT-3.7.6\LIB\GLUT\RELEASE64\GLUT_TEAPOT.OBJ
D:\DEV\VS2012\GLUT-3.7.6\LIB\GLUT\RELEASE64\WIN32_UTIL.OBJ
D:\DEV\VS2012\GLUT-3.7.6\LIB\GLUT\RELEASE64\GLUT_BWIDTH.OBJ
D:\DEV\VS2012\GLUT-3.7.6\LIB\GLUT\RELEASE64\GLUT_FULLSCRN.OBJ
D:\DEV\VS2012\GLUT-3.7.6\LIB\GLUT\RELEASE64\GLUT_KEYCTRL.OBJ
D:\DEV\VS2012\GLUT-3.7.6\LIB\GLUT\RELEASE64\GLUT_SWAP.OBJ
D:\DEV\VS2012\GLUT-3.7.6\LIB\GLUT\RELEASE64\GLUT_WINMISC.OBJ
D:\DEV\VS2012\GLUT-3.7.6\LIB\GLUT\RELEASE64\GLUT_8X13.OBJ
D:\DEV\VS2012\GLUT-3.7.6\LIB\GLUT\RELEASE64\GLUT_DIALS.OBJ
D:\DEV\VS2012\GLUT-3.7.6\LIB\GLUT\RELEASE64\GLUT_GET.OBJ
D:\DEV\VS2012\GLUT-3.7.6\LIB\GLUT\RELEASE64\GLUT_MODIFIER.OBJ
D:\DEV\VS2012\GLUT-3.7.6\LIB\GLUT\RELEASE64\GLUT_TABLET.OBJ
D:\DEV\VS2012\GLUT-3.7.6\LIB\GLUT\RELEASE64\WIN32_MENU.OBJ
D:\DEV\VS2012\GLUT-3.7.6\LIB\GLUT\RELEASE64\GLUT_BITMAP.OBJ
D:\DEV\VS2012\GLUT-3.7.6\LIB\GLUT\RELEASE64\GLUT_EXT.OBJ
D:\DEV\VS2012\GLUT-3.7.6\LIB\GLUT\RELEASE64\GLUT_JOY.OBJ
D:\DEV\VS2012\GLUT-3.7.6\LIB\GLUT\RELEASE64\GLUT_SPACE.OBJ
D:\DEV\VS2012\GLUT-3.7.6\LIB\GLUT\RELEASE64\GLUT_WARP.OBJ
D:\DEV\VS2012\GLUT-3.7.6\LIB\GLUT\RELEASE64\GLUT_CMAP.OBJ
D:\DEV\VS2012\GLUT-3.7.6\LIB\GLUT\RELEASE64\GLUT_GLXEXT.OBJ
D:\DEV\VS2012\GLUT-3.7.6\LIB\GLUT\RELEASE64\GLUT_KEYUP.OBJ
D:\DEV\VS2012\GLUT-3.7.6\LIB\GLUT\RELEASE64\GLUT_SWIDTH.OBJ
D:\DEV\VS2012\GLUT-3.7.6\LIB\GLUT\RELEASE64\WIN32_GLX.OBJ
D:\DEV\VS2012\GLUT-3.7.6\LIB\GLUT\RELEASE64\VC110.PDB
D:\Dev\VS2012\glut-3.7.6\lib\glut\Release\glut64.lib
D:\Dev\VS2012\glut-3.7.6\lib\glut\Release\glut64.exp
D:\DEV\VS2012\GLUT-3.7.6\BIN\GLUT64.DLL
D:\DEV\VS2012\GLUT-3.7.6\LIB\GLUT\RELEASE64\%(FILENAME).RES
D:\Dev\VS2012\glut-3.7.6\lib\glut\Release64\glut_8x13.obj
D:\Dev\VS2012\glut-3.7.6\lib\glut\Release64\glut_9x15.obj
D:\Dev\VS2012\glut-3.7.6\lib\glut\Release64\glut_bitmap.obj
D:\Dev\VS2012\glut-3.7.6\lib\glut\Release64\glut_bwidth.obj
D:\Dev\VS2012\glut-3.7.6\lib\glut\Release64\glut_cindex.obj
D:\Dev\VS2012\glut-3.7.6\lib\glut\Release64\glut_cmap.obj
D:\Dev\VS2012\glut-3.7.6\lib\glut\Release64\glut_cursor.obj
D:\Dev\VS2012\glut-3.7.6\lib\glut\Release64\glut_dials.obj
D:\Dev\VS2012\glut-3.7.6\lib\glut\Release64\glut_dstr.obj
D:\Dev\VS2012\glut-3.7.6\lib\glut\Release64\glut_event.obj
D:\Dev\VS2012\glut-3.7.6\lib\glut\Release64\glut_ext.obj
D:\Dev\VS2012\glut-3.7.6\lib\glut\Release64\glut_fcb.obj
D:\Dev\VS2012\glut-3.7.6\lib\glut\Release64\glut_fullscrn.obj
D:\Dev\VS2012\glut-3.7.6\lib\glut\Release64\glut_gamemode.obj
D:\Dev\VS2012\glut-3.7.6\lib\glut\Release64\glut_get.obj
D:\Dev\VS2012\glut-3.7.6\lib\glut\Release64\glut_glxext.obj
D:\Dev\VS2012\glut-3.7.6\lib\glut\Release64\glut_hel10.obj
D:\Dev\VS2012\glut-3.7.6\lib\glut\Release64\glut_hel12.obj
D:\Dev\VS2012\glut-3.7.6\lib\glut\Release64\glut_hel18.obj
D:\Dev\VS2012\glut-3.7.6\lib\glut\Release64\glut_init.obj
D:\Dev\VS2012\glut-3.7.6\lib\glut\Release64\glut_input.obj
D:\Dev\VS2012\glut-3.7.6\lib\glut\Release64\glut_joy.obj
D:\Dev\VS2012\glut-3.7.6\lib\glut\Release64\glut_key.obj
D:\Dev\VS2012\glut-3.7.6\lib\glut\Release64\glut_keyctrl.obj
D:\Dev\VS2012\glut-3.7.6\lib\glut\Release64\glut_keyup.obj
D:\Dev\VS2012\glut-3.7.6\lib\glut\Release64\glut_mesa.obj
D:\Dev\VS2012\glut-3.7.6\lib\glut\Release64\glut_modifier.obj
D:\Dev\VS2012\glut-3.7.6\lib\glut\Release64\glut_mroman.obj
D:\Dev\VS2012\glut-3.7.6\lib\glut\Release64\glut_overlay.obj
D:\Dev\VS2012\glut-3.7.6\lib\glut\Release64\glut_roman.obj
D:\Dev\VS2012\glut-3.7.6\lib\glut\Release64\glut_shapes.obj
D:\Dev\VS2012\glut-3.7.6\lib\glut\Release64\glut_space.obj
D:\Dev\VS2012\glut-3.7.6\lib\glut\Release64\glut_stroke.obj
D:\Dev\VS2012\glut-3.7.6\lib\glut\Release64\glut_swap.obj
D:\Dev\VS2012\glut-3.7.6\lib\glut\Release64\glut_swidth.obj
D:\Dev\VS2012\glut-3.7.6\lib\glut\Release64\glut_tablet.obj
D:\Dev\VS2012\glut-3.7.6\lib\glut\Release64\glut_teapot.obj
D:\Dev\VS2012\glut-3.7.6\lib\glut\Release64\glut_tr10.obj
D:\Dev\VS2012\glut-3.7.6\lib\glut\Release64\glut_tr24.obj
D:\Dev\VS2012\glut-3.7.6\lib\glut\Release64\glut_util.obj
D:\Dev\VS2012\glut-3.7.6\lib\glut\Release64\glut_vidresize.obj
D:\Dev\VS2012\glut-3.7.6\lib\glut\Release64\glut_warp.obj
D:\Dev\VS2012\glut-3.7.6\lib\glut\Release64\glut_win.obj
D:\Dev\VS2012\glut-3.7.6\lib\glut\Release64\glut_winmisc.obj
D:\Dev\VS2012\glut-3.7.6\lib\glut\Release64\win32_glx.obj
D:\Dev\VS2012\glut-3.7.6\lib\glut\Release64\win32_menu.obj
D:\Dev\VS2012\glut-3.7.6\lib\glut\Release64\win32_util.obj
D:\Dev\VS2012\glut-3.7.6\lib\glut\Release64\win32_winproc.obj
D:\Dev\VS2012\glut-3.7.6\lib\glut\Release64\win32_x11.obj
D:\Dev\VS2012\glut-3.7.6\lib\glut\Release64\CL.10008.read.1.tlog
D:\Dev\VS2012\glut-3.7.6\lib\glut\Release64\CL.10008.write.1.tlog
D:\Dev\VS2012\glut-3.7.6\lib\glut\Release64\CL.10064.read.1.tlog
D:\Dev\VS2012\glut-3.7.6\lib\glut\Release64\CL.10064.write.1.tlog
D:\Dev\VS2012\glut-3.7.6\lib\glut\Release64\CL.1244.read.1.tlog
D:\Dev\VS2012\glut-3.7.6\lib\glut\Release64\CL.1244.write.1.tlog
D:\Dev\VS2012\glut-3.7.6\lib\glut\Release64\CL.1540.read.1.tlog
D:\Dev\VS2012\glut-3.7.6\lib\glut\Release64\CL.1540.write.1.tlog
D:\Dev\VS2012\glut-3.7.6\lib\glut\Release64\CL.1568.read.1.tlog
D:\Dev\VS2012\glut-3.7.6\lib\glut\Release64\CL.1568.write.1.tlog
D:\Dev\VS2012\glut-3.7.6\lib\glut\Release64\CL.1632.read.1.tlog
D:\Dev\VS2012\glut-3.7.6\lib\glut\Release64\CL.1632.write.1.tlog
D:\Dev\VS2012\glut-3.7.6\lib\glut\Release64\CL.2104.read.1.tlog
D:\Dev\VS2012\glut-3.7.6\lib\glut\Release64\CL.2104.write.1.tlog
D:\Dev\VS2012\glut-3.7.6\lib\glut\Release64\CL.2300.read.1.tlog
D:\Dev\VS2012\glut-3.7.6\lib\glut\Release64\CL.2300.write.1.tlog
D:\Dev\VS2012\glut-3.7.6\lib\glut\Release64\CL.3000.read.1.tlog
D:\Dev\VS2012\glut-3.7.6\lib\glut\Release64\CL.3000.write.1.tlog
D:\Dev\VS2012\glut-3.7.6\lib\glut\Release64\CL.3288.read.1.tlog
D:\Dev\VS2012\glut-3.7.6\lib\glut\Release64\CL.3288.write.1.tlog
D:\Dev\VS2012\glut-3.7.6\lib\glut\Release64\CL.3744.read.1.tlog
D:\Dev\VS2012\glut-3.7.6\lib\glut\Release64\CL.3744.write.1.tlog
D:\Dev\VS2012\glut-3.7.6\lib\glut\Release64\CL.4392.read.1.tlog
D:\Dev\VS2012\glut-3.7.6\lib\glut\Release64\CL.4392.write.1.tlog
D:\Dev\VS2012\glut-3.7.6\lib\glut\Release64\CL.4424.read.1.tlog
D:\Dev\VS2012\glut-3.7.6\lib\glut\Release64\CL.4424.write.1.tlog
D:\Dev\VS2012\glut-3.7.6\lib\glut\Release64\CL.4620.read.1.tlog
D:\Dev\VS2012\glut-3.7.6\lib\glut\Release64\CL.4620.write.1.tlog
D:\Dev\VS2012\glut-3.7.6\lib\glut\Release64\CL.4776.read.1.tlog
D:\Dev\VS2012\glut-3.7.6\lib\glut\Release64\CL.4776.write.1.tlog
D:\Dev\VS2012\glut-3.7.6\lib\glut\Release64\CL.4824.read.1.tlog
D:\Dev\VS2012\glut-3.7.6\lib\glut\Release64\CL.4824.write.1.tlog
D:\Dev\VS2012\glut-3.7.6\lib\glut\Release64\CL.5180.read.1.tlog
D:\Dev\VS2012\glut-3.7.6\lib\glut\Release64\CL.5180.write.1.tlog
D:\Dev\VS2012\glut-3.7.6\lib\glut\Release64\CL.5192.read.1.tlog
D:\Dev\VS2012\glut-3.7.6\lib\glut\Release64\CL.5192.write.1.tlog
D:\Dev\VS2012\glut-3.7.6\lib\glut\Release64\CL.5496.read.1.tlog
D:\Dev\VS2012\glut-3.7.6\lib\glut\Release64\CL.5496.write.1.tlog
D:\Dev\VS2012\glut-3.7.6\lib\glut\Release64\CL.5508.read.1.tlog
D:\Dev\VS2012\glut-3.7.6\lib\glut\Release64\CL.5508.write.1.tlog
D:\Dev\VS2012\glut-3.7.6\lib\glut\Release64\CL.5512.read.1.tlog
D:\Dev\VS2012\glut-3.7.6\lib\glut\Release64\CL.5512.write.1.tlog
D:\Dev\VS2012\glut-3.7.6\lib\glut\Release64\CL.5580.read.1.tlog
D:\Dev\VS2012\glut-3.7.6\lib\glut\Release64\CL.5580.write.1.tlog
D:\Dev\VS2012\glut-3.7.6\lib\glut\Release64\CL.5616.read.1.tlog
D:\Dev\VS2012\glut-3.7.6\lib\glut\Release64\CL.5616.write.1.tlog
D:\Dev\VS2012\glut-3.7.6\lib\glut\Release64\CL.5896.read.1.tlog
D:\Dev\VS2012\glut-3.7.6\lib\glut\Release64\CL.5896.write.1.tlog
D:\Dev\VS2012\glut-3.7.6\lib\glut\Release64\CL.6016.read.1.tlog
D:\Dev\VS2012\glut-3.7.6\lib\glut\Release64\CL.6016.write.1.tlog
D:\Dev\VS2012\glut-3.7.6\lib\glut\Release64\CL.6032.read.1.tlog
D:\Dev\VS2012\glut-3.7.6\lib\glut\Release64\CL.6032.write.1.tlog
D:\Dev\VS2012\glut-3.7.6\lib\glut\Release64\CL.6040.read.1.tlog
D:\Dev\VS2012\glut-3.7.6\lib\glut\Release64\CL.6040.write.1.tlog
D:\Dev\VS2012\glut-3.7.6\lib\glut\Release64\CL.6124.read.1.tlog
D:\Dev\VS2012\glut-3.7.6\lib\glut\Release64\CL.6124.write.1.tlog
D:\Dev\VS2012\glut-3.7.6\lib\glut\Release64\CL.6152.read.1.tlog
D:\Dev\VS2012\glut-3.7.6\lib\glut\Release64\CL.6152.write.1.tlog
D:\Dev\VS2012\glut-3.7.6\lib\glut\Release64\CL.6220.read.1.tlog
D:\Dev\VS2012\glut-3.7.6\lib\glut\Release64\CL.6220.write.1.tlog
D:\Dev\VS2012\glut-3.7.6\lib\glut\Release64\CL.6268.read.1.tlog
D:\Dev\VS2012\glut-3.7.6\lib\glut\Release64\CL.6268.write.1.tlog
D:\Dev\VS2012\glut-3.7.6\lib\glut\Release64\CL.6272.read.1.tlog
D:\Dev\VS2012\glut-3.7.6\lib\glut\Release64\CL.6272.write.1.tlog
D:\Dev\VS2012\glut-3.7.6\lib\glut\Release64\CL.6288.read.1.tlog
D:\Dev\VS2012\glut-3.7.6\lib\glut\Release64\CL.6288.write.1.tlog
D:\Dev\VS2012\glut-3.7.6\lib\glut\Release64\CL.6432.read.1.tlog
D:\Dev\VS2012\glut-3.7.6\lib\glut\Release64\CL.6432.write.1.tlog
D:\Dev\VS2012\glut-3.7.6\lib\glut\Release64\CL.6444.read.1.tlog
D:\Dev\VS2012\glut-3.7.6\lib\glut\Release64\CL.6444.write.1.tlog
D:\Dev\VS2012\glut-3.7.6\lib\glut\Release64\CL.6716.read.1.tlog
D:\Dev\VS2012\glut-3.7.6\lib\glut\Release64\CL.6716.write.1.tlog
D:\Dev\VS2012\glut-3.7.6\lib\glut\Release64\CL.6724.read.1.tlog
D:\Dev\VS2012\glut-3.7.6\lib\glut\Release64\CL.6724.write.1.tlog
D:\Dev\VS2012\glut-3.7.6\lib\glut\Release64\CL.6728.read.1.tlog
D:\Dev\VS2012\glut-3.7.6\lib\glut\Release64\CL.6728.write.1.tlog
D:\Dev\VS2012\glut-3.7.6\lib\glut\Release64\CL.6952.read.1.tlog
D:\Dev\VS2012\glut-3.7.6\lib\glut\Release64\CL.6952.write.1.tlog
D:\Dev\VS2012\glut-3.7.6\lib\glut\Release64\CL.6964.read.1.tlog
D:\Dev\VS2012\glut-3.7.6\lib\glut\Release64\CL.6964.write.1.tlog
D:\Dev\VS2012\glut-3.7.6\lib\glut\Release64\CL.7048.read.1.tlog
D:\Dev\VS2012\glut-3.7.6\lib\glut\Release64\CL.7048.write.1.tlog
D:\Dev\VS2012\glut-3.7.6\lib\glut\Release64\CL.7092.read.1.tlog
D:\Dev\VS2012\glut-3.7.6\lib\glut\Release64\CL.7092.write.1.tlog
D:\Dev\VS2012\glut-3.7.6\lib\glut\Release64\CL.7336.read.1.tlog
D:\Dev\VS2012\glut-3.7.6\lib\glut\Release64\CL.7336.write.1.tlog
D:\Dev\VS2012\glut-3.7.6\lib\glut\Release64\CL.7416.read.1.tlog
D:\Dev\VS2012\glut-3.7.6\lib\glut\Release64\CL.7416.write.1.tlog
D:\Dev\VS2012\glut-3.7.6\lib\glut\Release64\CL.7480.read.1.tlog
D:\Dev\VS2012\glut-3.7.6\lib\glut\Release64\CL.7480.write.1.tlog
D:\Dev\VS2012\glut-3.7.6\lib\glut\Release64\CL.7504.read.1.tlog
D:\Dev\VS2012\glut-3.7.6\lib\glut\Release64\CL.7504.write.1.tlog
D:\Dev\VS2012\glut-3.7.6\lib\glut\Release64\CL.8204.read.1.tlog
D:\Dev\VS2012\glut-3.7.6\lib\glut\Release64\CL.8204.write.1.tlog
D:\Dev\VS2012\glut-3.7.6\lib\glut\Release64\CL.8292.read.1.tlog
D:\Dev\VS2012\glut-3.7.6\lib\glut\Release64\CL.8292.write.1.tlog
D:\Dev\VS2012\glut-3.7.6\lib\glut\Release64\CL.8324.read.1.tlog
D:\Dev\VS2012\glut-3.7.6\lib\glut\Release64\CL.8324.write.1.tlog
D:\Dev\VS2012\glut-3.7.6\lib\glut\Release64\CL.8376.read.1.tlog
D:\Dev\VS2012\glut-3.7.6\lib\glut\Release64\CL.8376.write.1.tlog
D:\Dev\VS2012\glut-3.7.6\lib\glut\Release64\CL.8392.read.1.tlog
D:\Dev\VS2012\glut-3.7.6\lib\glut\Release64\CL.8392.write.1.tlog
D:\Dev\VS2012\glut-3.7.6\lib\glut\Release64\CL.8408.read.1.tlog
D:\Dev\VS2012\glut-3.7.6\lib\glut\Release64\CL.8408.write.1.tlog
D:\Dev\VS2012\glut-3.7.6\lib\glut\Release64\CL.8416.read.1.tlog
D:\Dev\VS2012\glut-3.7.6\lib\glut\Release64\CL.8416.write.1.tlog
D:\Dev\VS2012\glut-3.7.6\lib\glut\Release64\CL.8480.read.1.tlog
D:\Dev\VS2012\glut-3.7.6\lib\glut\Release64\CL.8480.write.1.tlog
D:\Dev\VS2012\glut-3.7.6\lib\glut\Release64\CL.8492.read.1.tlog
D:\Dev\VS2012\glut-3.7.6\lib\glut\Release64\CL.8492.write.1.tlog
D:\Dev\VS2012\glut-3.7.6\lib\glut\Release64\CL.8660.read.1.tlog
D:\Dev\VS2012\glut-3.7.6\lib\glut\Release64\CL.8660.write.1.tlog
D:\Dev\VS2012\glut-3.7.6\lib\glut\Release64\CL.8672.read.1.tlog
D:\Dev\VS2012\glut-3.7.6\lib\glut\Release64\CL.8672.write.1.tlog
D:\Dev\VS2012\glut-3.7.6\lib\glut\Release64\CL.8676.read.1.tlog
D:\Dev\VS2012\glut-3.7.6\lib\glut\Release64\CL.8676.write.1.tlog
D:\Dev\VS2012\glut-3.7.6\lib\glut\Release64\CL.8740.read.1.tlog
D:\Dev\VS2012\glut-3.7.6\lib\glut\Release64\CL.8740.write.1.tlog
D:\Dev\VS2012\glut-3.7.6\lib\glut\Release64\CL.8752.read.1.tlog
D:\Dev\VS2012\glut-3.7.6\lib\glut\Release64\CL.8752.write.1.tlog
D:\Dev\VS2012\glut-3.7.6\lib\glut\Release64\CL.8812.read.1.tlog
D:\Dev\VS2012\glut-3.7.6\lib\glut\Release64\CL.8812.write.1.tlog
D:\Dev\VS2012\glut-3.7.6\lib\glut\Release64\CL.8960.read.1.tlog
D:\Dev\VS2012\glut-3.7.6\lib\glut\Release64\CL.8960.write.1.tlog
D:\Dev\VS2012\glut-3.7.6\lib\glut\Release64\CL.9068.read.1.tlog
D:\Dev\VS2012\glut-3.7.6\lib\glut\Release64\CL.9068.write.1.tlog
D:\Dev\VS2012\glut-3.7.6\lib\glut\Release64\CL.9128.read.1.tlog
D:\Dev\VS2012\glut-3.7.6\lib\glut\Release64\CL.9128.write.1.tlog
D:\Dev\VS2012\glut-3.7.6\lib\glut\Release64\CL.9236.read.1.tlog
D:\Dev\VS2012\glut-3.7.6\lib\glut\Release64\CL.9236.write.1.tlog
D:\Dev\VS2012\glut-3.7.6\lib\glut\Release64\CL.9240.read.1.tlog
D:\Dev\VS2012\glut-3.7.6\lib\glut\Release64\CL.9240.write.1.tlog
D:\Dev\VS2012\glut-3.7.6\lib\glut\Release64\CL.9248.read.1.tlog
D:\Dev\VS2012\glut-3.7.6\lib\glut\Release64\CL.9248.write.1.tlog
D:\Dev\VS2012\glut-3.7.6\lib\glut\Release64\CL.9276.read.1.tlog
D:\Dev\VS2012\glut-3.7.6\lib\glut\Release64\CL.9276.write.1.tlog
D:\Dev\VS2012\glut-3.7.6\lib\glut\Release64\CL.9344.read.1.tlog
D:\Dev\VS2012\glut-3.7.6\lib\glut\Release64\CL.9344.write.1.tlog
D:\Dev\VS2012\glut-3.7.6\lib\glut\Release64\CL.9392.read.1.tlog
D:\Dev\VS2012\glut-3.7.6\lib\glut\Release64\CL.9392.write.1.tlog
D:\Dev\VS2012\glut-3.7.6\lib\glut\Release64\CL.9480.read.1.tlog
D:\Dev\VS2012\glut-3.7.6\lib\glut\Release64\CL.9480.write.1.tlog
D:\Dev\VS2012\glut-3.7.6\lib\glut\Release64\CL.9488.read.1.tlog
D:\Dev\VS2012\glut-3.7.6\lib\glut\Release64\CL.9488.write.1.tlog
D:\Dev\VS2012\glut-3.7.6\lib\glut\Release64\CL.9508.read.1.tlog
D:\Dev\VS2012\glut-3.7.6\lib\glut\Release64\CL.9508.write.1.tlog
D:\Dev\VS2012\glut-3.7.6\lib\glut\Release64\CL.9516.read.1.tlog
D:\Dev\VS2012\glut-3.7.6\lib\glut\Release64\CL.9516.write.1.tlog
D:\Dev\VS2012\glut-3.7.6\lib\glut\Release64\CL.9568.read.1.tlog
D:\Dev\VS2012\glut-3.7.6\lib\glut\Release64\CL.9568.write.1.tlog
D:\Dev\VS2012\glut-3.7.6\lib\glut\Release64\CL.9800.read.1.tlog
D:\Dev\VS2012\glut-3.7.6\lib\glut\Release64\CL.9800.write.1.tlog
D:\Dev\VS2012\glut-3.7.6\lib\glut\Release64\CL.9808.read.1.tlog
D:\Dev\VS2012\glut-3.7.6\lib\glut\Release64\CL.9808.write.1.tlog
D:\Dev\VS2012\glut-3.7.6\lib\glut\Release64\CL.9952.read.1.tlog
D:\Dev\VS2012\glut-3.7.6\lib\glut\Release64\CL.9952.write.1.tlog
D:\Dev\VS2012\glut-3.7.6\lib\glut\Release64\cl.command.1.tlog
D:\Dev\VS2012\glut-3.7.6\lib\glut\Release64\CL.read.1.tlog
D:\Dev\VS2012\glut-3.7.6\lib\glut\Release64\cl.write.1.tlog
D:\Dev\VS2012\glut-3.7.6\lib\glut\Release64\glut32.write.1.tlog
D:\Dev\VS2012\glut-3.7.6\lib\glut\Release64\link-cvtres.read.1.tlog
D:\Dev\VS2012\glut-3.7.6\lib\glut\Release64\link-cvtres.write.1.tlog
D:\Dev\VS2012\glut-3.7.6\lib\glut\Release64\link-rc.read.1.tlog
D:\Dev\VS2012\glut-3.7.6\lib\glut\Release64\link-rc.write.1.tlog
D:\Dev\VS2012\glut-3.7.6\lib\glut\Release64\link.command.1.tlog
D:\Dev\VS2012\glut-3.7.6\lib\glut\Release64\link.read.1.tlog
D:\Dev\VS2012\glut-3.7.6\lib\glut\Release64\link.write.1.tlog
D:\Dev\VS2012\glut-3.7.6\lib\glut\Release64\rc.command.1.tlog
D:\Dev\VS2012\glut-3.7.6\lib\glut\Release64\rc.read.1.tlog
D:\Dev\VS2012\glut-3.7.6\lib\glut\Release64\rc.write.1.tlog
D:\Dev\VS2012\glut-3.7.6\lib\glut\Release64\%(Filename).res
D:\Dev\VS2012\glut-3.7.6\lib\glut\Release64\glut.res
D:\Dev\VS2012\glut-3.7.6\lib\glut\..\..\bin\glut64.dll
